{"numFailedTestSuites":5,"numFailedTests":14,"numPassedTestSuites":15,"numPassedTests":90,"numPendingTestSuites":0,"numPendingTests":0,"numRuntimeErrorTestSuites":0,"numTodoTests":0,"numTotalTestSuites":20,"numTotalTests":104,"openHandles":[],"snapshot":{"added":0,"didUpdate":false,"failure":false,"filesAdded":0,"filesRemoved":0,"filesRemovedList":[],"filesUnmatched":0,"filesUpdated":0,"matched":0,"total":0,"unchecked":0,"uncheckedKeysByFile":[],"unmatched":0,"updated":0},"startTime":1767699413812,"success":false,"testResults":[{"assertionResults":[{"ancestorTitles":["API v1 - REST Refactoring","GET /health"],"duration":540,"failureDetails":[],"failureMessages":[],"fullName":"API v1 - REST Refactoring GET /health should return standardized health response","invocations":1,"location":null,"numPassingAsserts":8,"retryReasons":[],"status":"passed","title":"should return standardized health response"},{"ancestorTitles":["API v1 - REST Refactoring","GET /health"],"duration":131,"failureDetails":[],"failureMessages":[],"fullName":"API v1 - REST Refactoring GET /health response time should be < 200ms","invocations":1,"location":null,"numPassingAsserts":1,"retryReasons":[],"status":"passed","title":"response time should be < 200ms"},{"ancestorTitles":["API v1 - REST Refactoring","GET /health"],"duration":107,"failureDetails":[],"failureMessages":[],"fullName":"API v1 - REST Refactoring GET /health should include X-Request-ID header","invocations":1,"location":null,"numPassingAsserts":2,"retryReasons":[],"status":"passed","title":"should include X-Request-ID header"},{"ancestorTitles":["API v1 - REST Refactoring","GET /users/{userId}"],"duration":247,"failureDetails":[],"failureMessages":[],"fullName":"API v1 - REST Refactoring GET /users/{userId} should retrieve user with standardized response","invocations":1,"location":null,"numPassingAsserts":5,"retryReasons":[],"status":"passed","title":"should retrieve user with standardized response"},{"ancestorTitles":["API v1 - REST Refactoring","GET /users/{userId}"],"duration":164,"failureDetails":[{}],"failureMessages":["Error: expected 400 \"Bad Request\", got 404 \"Not Found\"\n    at Object.<anonymous> (C:\\Users\\Alejandro\\AIGestion\\backend\\src\\__tests__\\api-v1.test.ts:63:75)\n    at Promise.then.completed (C:\\Users\\Alejandro\\AIGestion\\node_modules\\.pnpm\\jest-circus@29.7.0\\node_modules\\jest-circus\\build\\utils.js:298:28)\n    at new Promise (<anonymous>)\n    at callAsyncCircusFn (C:\\Users\\Alejandro\\AIGestion\\node_modules\\.pnpm\\jest-circus@29.7.0\\node_modules\\jest-circus\\build\\utils.js:231:10)\n    at _callCircusTest (C:\\Users\\Alejandro\\AIGestion\\node_modules\\.pnpm\\jest-circus@29.7.0\\node_modules\\jest-circus\\build\\run.js:316:40)\n    at processTicksAndRejections (node:internal/process/task_queues:103:5)\n    at async _runTest (C:\\Users\\Alejandro\\AIGestion\\node_modules\\.pnpm\\jest-circus@29.7.0\\node_modules\\jest-circus\\build\\run.js:252:3)\n    at async _runTestsForDescribeBlock (C:\\Users\\Alejandro\\AIGestion\\node_modules\\.pnpm\\jest-circus@29.7.0\\node_modules\\jest-circus\\build\\run.js:126:9)\n    at async _runTestsForDescribeBlock (C:\\Users\\Alejandro\\AIGestion\\node_modules\\.pnpm\\jest-circus@29.7.0\\node_modules\\jest-circus\\build\\run.js:121:9)\n    at async _runTestsForDescribeBlock (C:\\Users\\Alejandro\\AIGestion\\node_modules\\.pnpm\\jest-circus@29.7.0\\node_modules\\jest-circus\\build\\run.js:121:9)\n    at async run (C:\\Users\\Alejandro\\AIGestion\\node_modules\\.pnpm\\jest-circus@29.7.0\\node_modules\\jest-circus\\build\\run.js:71:3)\n    at async runAndTransformResultsToJestFormat (C:\\Users\\Alejandro\\AIGestion\\node_modules\\.pnpm\\jest-circus@29.7.0\\node_modules\\jest-circus\\build\\legacy-code-todo-rewrite\\jestAdapterInit.js:122:21)\n    at async jestAdapter (C:\\Users\\Alejandro\\AIGestion\\node_modules\\.pnpm\\jest-circus@29.7.0\\node_modules\\jest-circus\\build\\legacy-code-todo-rewrite\\jestAdapter.js:79:19)\n    at async runTestInternal (C:\\Users\\Alejandro\\AIGestion\\node_modules\\.pnpm\\jest-runner@29.7.0\\node_modules\\jest-runner\\build\\runTest.js:367:16)\n    at async runTest (C:\\Users\\Alejandro\\AIGestion\\node_modules\\.pnpm\\jest-runner@29.7.0\\node_modules\\jest-runner\\build\\runTest.js:444:34)\n----\n    at Test._assertStatus (C:\\Users\\Alejandro\\AIGestion\\node_modules\\.pnpm\\supertest@6.3.4\\node_modules\\supertest\\lib\\test.js:252:14)\n    at C:\\Users\\Alejandro\\AIGestion\\node_modules\\.pnpm\\supertest@6.3.4\\node_modules\\supertest\\lib\\test.js:308:13\n    at Test._assertFunction (C:\\Users\\Alejandro\\AIGestion\\node_modules\\.pnpm\\supertest@6.3.4\\node_modules\\supertest\\lib\\test.js:285:13)\n    at Test.assert (C:\\Users\\Alejandro\\AIGestion\\node_modules\\.pnpm\\supertest@6.3.4\\node_modules\\supertest\\lib\\test.js:164:23)\n    at Server.localAssert (C:\\Users\\Alejandro\\AIGestion\\node_modules\\.pnpm\\supertest@6.3.4\\node_modules\\supertest\\lib\\test.js:120:14)\n    at Object.onceWrapper (node:events:622:28)\n    at Server.emit (node:events:508:28)\n    at Server.emit (node:domain:489:12)\n    at emitCloseNT (node:net:2419:8)\n    at processTicksAndRejections (node:internal/process/task_queues:88:21)"],"fullName":"API v1 - REST Refactoring GET /users/{userId} should validate userId format","invocations":1,"location":null,"numPassingAsserts":0,"retryReasons":[],"status":"failed","title":"should validate userId format"},{"ancestorTitles":["API v1 - REST Refactoring","GET /users/{userId}"],"duration":86,"failureDetails":[],"failureMessages":[],"fullName":"API v1 - REST Refactoring GET /users/{userId} response time should be < 200ms","invocations":1,"location":null,"numPassingAsserts":1,"retryReasons":[],"status":"passed","title":"response time should be < 200ms"},{"ancestorTitles":["API v1 - REST Refactoring","GET /users (list)"],"duration":82,"failureDetails":[],"failureMessages":[],"fullName":"API v1 - REST Refactoring GET /users (list) should return paginated users list","invocations":1,"location":null,"numPassingAsserts":5,"retryReasons":[],"status":"passed","title":"should return paginated users list"},{"ancestorTitles":["API v1 - REST Refactoring","GET /users (list)"],"duration":186,"failureDetails":[{}],"failureMessages":["Error: expected 400 \"Bad Request\", got 404 \"Not Found\"\n    at Object.<anonymous> (C:\\Users\\Alejandro\\AIGestion\\backend\\src\\__tests__\\api-v1.test.ts:100:10)\n    at Promise.then.completed (C:\\Users\\Alejandro\\AIGestion\\node_modules\\.pnpm\\jest-circus@29.7.0\\node_modules\\jest-circus\\build\\utils.js:298:28)\n    at new Promise (<anonymous>)\n    at callAsyncCircusFn (C:\\Users\\Alejandro\\AIGestion\\node_modules\\.pnpm\\jest-circus@29.7.0\\node_modules\\jest-circus\\build\\utils.js:231:10)\n    at _callCircusTest (C:\\Users\\Alejandro\\AIGestion\\node_modules\\.pnpm\\jest-circus@29.7.0\\node_modules\\jest-circus\\build\\run.js:316:40)\n    at processTicksAndRejections (node:internal/process/task_queues:103:5)\n    at async _runTest (C:\\Users\\Alejandro\\AIGestion\\node_modules\\.pnpm\\jest-circus@29.7.0\\node_modules\\jest-circus\\build\\run.js:252:3)\n    at async _runTestsForDescribeBlock (C:\\Users\\Alejandro\\AIGestion\\node_modules\\.pnpm\\jest-circus@29.7.0\\node_modules\\jest-circus\\build\\run.js:126:9)\n    at async _runTestsForDescribeBlock (C:\\Users\\Alejandro\\AIGestion\\node_modules\\.pnpm\\jest-circus@29.7.0\\node_modules\\jest-circus\\build\\run.js:121:9)\n    at async _runTestsForDescribeBlock (C:\\Users\\Alejandro\\AIGestion\\node_modules\\.pnpm\\jest-circus@29.7.0\\node_modules\\jest-circus\\build\\run.js:121:9)\n    at async run (C:\\Users\\Alejandro\\AIGestion\\node_modules\\.pnpm\\jest-circus@29.7.0\\node_modules\\jest-circus\\build\\run.js:71:3)\n    at async runAndTransformResultsToJestFormat (C:\\Users\\Alejandro\\AIGestion\\node_modules\\.pnpm\\jest-circus@29.7.0\\node_modules\\jest-circus\\build\\legacy-code-todo-rewrite\\jestAdapterInit.js:122:21)\n    at async jestAdapter (C:\\Users\\Alejandro\\AIGestion\\node_modules\\.pnpm\\jest-circus@29.7.0\\node_modules\\jest-circus\\build\\legacy-code-todo-rewrite\\jestAdapter.js:79:19)\n    at async runTestInternal (C:\\Users\\Alejandro\\AIGestion\\node_modules\\.pnpm\\jest-runner@29.7.0\\node_modules\\jest-runner\\build\\runTest.js:367:16)\n    at async runTest (C:\\Users\\Alejandro\\AIGestion\\node_modules\\.pnpm\\jest-runner@29.7.0\\node_modules\\jest-runner\\build\\runTest.js:444:34)\n----\n    at Test._assertStatus (C:\\Users\\Alejandro\\AIGestion\\node_modules\\.pnpm\\supertest@6.3.4\\node_modules\\supertest\\lib\\test.js:252:14)\n    at C:\\Users\\Alejandro\\AIGestion\\node_modules\\.pnpm\\supertest@6.3.4\\node_modules\\supertest\\lib\\test.js:308:13\n    at Test._assertFunction (C:\\Users\\Alejandro\\AIGestion\\node_modules\\.pnpm\\supertest@6.3.4\\node_modules\\supertest\\lib\\test.js:285:13)\n    at Test.assert (C:\\Users\\Alejandro\\AIGestion\\node_modules\\.pnpm\\supertest@6.3.4\\node_modules\\supertest\\lib\\test.js:164:23)\n    at Server.localAssert (C:\\Users\\Alejandro\\AIGestion\\node_modules\\.pnpm\\supertest@6.3.4\\node_modules\\supertest\\lib\\test.js:120:14)\n    at Object.onceWrapper (node:events:622:28)\n    at Server.emit (node:events:508:28)\n    at Server.emit (node:domain:489:12)\n    at emitCloseNT (node:net:2419:8)\n    at processTicksAndRejections (node:internal/process/task_queues:88:21)"],"fullName":"API v1 - REST Refactoring GET /users (list) should validate pagination parameters","invocations":1,"location":null,"numPassingAsserts":0,"retryReasons":[],"status":"failed","title":"should validate pagination parameters"},{"ancestorTitles":["API v1 - REST Refactoring","GET /users (list)"],"duration":99,"failureDetails":[],"failureMessages":[],"fullName":"API v1 - REST Refactoring GET /users (list) should use default pagination if not provided","invocations":1,"location":null,"numPassingAsserts":2,"retryReasons":[],"status":"passed","title":"should use default pagination if not provided"},{"ancestorTitles":["API v1 - REST Refactoring","POST /users (create)"],"duration":251,"failureDetails":[{}],"failureMessages":["Error: expected 201 \"Created\", got 404 \"Not Found\"\n    at Object.<anonymous> (C:\\Users\\Alejandro\\AIGestion\\backend\\src\\__tests__\\api-v1.test.ts:126:10)\n    at Promise.then.completed (C:\\Users\\Alejandro\\AIGestion\\node_modules\\.pnpm\\jest-circus@29.7.0\\node_modules\\jest-circus\\build\\utils.js:298:28)\n    at new Promise (<anonymous>)\n    at callAsyncCircusFn (C:\\Users\\Alejandro\\AIGestion\\node_modules\\.pnpm\\jest-circus@29.7.0\\node_modules\\jest-circus\\build\\utils.js:231:10)\n    at _callCircusTest (C:\\Users\\Alejandro\\AIGestion\\node_modules\\.pnpm\\jest-circus@29.7.0\\node_modules\\jest-circus\\build\\run.js:316:40)\n    at processTicksAndRejections (node:internal/process/task_queues:103:5)\n    at async _runTest (C:\\Users\\Alejandro\\AIGestion\\node_modules\\.pnpm\\jest-circus@29.7.0\\node_modules\\jest-circus\\build\\run.js:252:3)\n    at async _runTestsForDescribeBlock (C:\\Users\\Alejandro\\AIGestion\\node_modules\\.pnpm\\jest-circus@29.7.0\\node_modules\\jest-circus\\build\\run.js:126:9)\n    at async _runTestsForDescribeBlock (C:\\Users\\Alejandro\\AIGestion\\node_modules\\.pnpm\\jest-circus@29.7.0\\node_modules\\jest-circus\\build\\run.js:121:9)\n    at async _runTestsForDescribeBlock (C:\\Users\\Alejandro\\AIGestion\\node_modules\\.pnpm\\jest-circus@29.7.0\\node_modules\\jest-circus\\build\\run.js:121:9)\n    at async run (C:\\Users\\Alejandro\\AIGestion\\node_modules\\.pnpm\\jest-circus@29.7.0\\node_modules\\jest-circus\\build\\run.js:71:3)\n    at async runAndTransformResultsToJestFormat (C:\\Users\\Alejandro\\AIGestion\\node_modules\\.pnpm\\jest-circus@29.7.0\\node_modules\\jest-circus\\build\\legacy-code-todo-rewrite\\jestAdapterInit.js:122:21)\n    at async jestAdapter (C:\\Users\\Alejandro\\AIGestion\\node_modules\\.pnpm\\jest-circus@29.7.0\\node_modules\\jest-circus\\build\\legacy-code-todo-rewrite\\jestAdapter.js:79:19)\n    at async runTestInternal (C:\\Users\\Alejandro\\AIGestion\\node_modules\\.pnpm\\jest-runner@29.7.0\\node_modules\\jest-runner\\build\\runTest.js:367:16)\n    at async runTest (C:\\Users\\Alejandro\\AIGestion\\node_modules\\.pnpm\\jest-runner@29.7.0\\node_modules\\jest-runner\\build\\runTest.js:444:34)\n----\n    at Test._assertStatus (C:\\Users\\Alejandro\\AIGestion\\node_modules\\.pnpm\\supertest@6.3.4\\node_modules\\supertest\\lib\\test.js:252:14)\n    at C:\\Users\\Alejandro\\AIGestion\\node_modules\\.pnpm\\supertest@6.3.4\\node_modules\\supertest\\lib\\test.js:308:13\n    at Test._assertFunction (C:\\Users\\Alejandro\\AIGestion\\node_modules\\.pnpm\\supertest@6.3.4\\node_modules\\supertest\\lib\\test.js:285:13)\n    at Test.assert (C:\\Users\\Alejandro\\AIGestion\\node_modules\\.pnpm\\supertest@6.3.4\\node_modules\\supertest\\lib\\test.js:164:23)\n    at Server.localAssert (C:\\Users\\Alejandro\\AIGestion\\node_modules\\.pnpm\\supertest@6.3.4\\node_modules\\supertest\\lib\\test.js:120:14)\n    at Object.onceWrapper (node:events:622:28)\n    at Server.emit (node:events:508:28)\n    at Server.emit (node:domain:489:12)\n    at emitCloseNT (node:net:2419:8)\n    at processTicksAndRejections (node:internal/process/task_queues:88:21)"],"fullName":"API v1 - REST Refactoring POST /users (create) should create user with valid input","invocations":1,"location":null,"numPassingAsserts":0,"retryReasons":[],"status":"failed","title":"should create user with valid input"},{"ancestorTitles":["API v1 - REST Refactoring","POST /users (create)"],"duration":160,"failureDetails":[{}],"failureMessages":["Error: expected 400 \"Bad Request\", got 404 \"Not Found\"\n    at Object.<anonymous> (C:\\Users\\Alejandro\\AIGestion\\backend\\src\\__tests__\\api-v1.test.ts:141:10)\n    at Promise.then.completed (C:\\Users\\Alejandro\\AIGestion\\node_modules\\.pnpm\\jest-circus@29.7.0\\node_modules\\jest-circus\\build\\utils.js:298:28)\n    at new Promise (<anonymous>)\n    at callAsyncCircusFn (C:\\Users\\Alejandro\\AIGestion\\node_modules\\.pnpm\\jest-circus@29.7.0\\node_modules\\jest-circus\\build\\utils.js:231:10)\n    at _callCircusTest (C:\\Users\\Alejandro\\AIGestion\\node_modules\\.pnpm\\jest-circus@29.7.0\\node_modules\\jest-circus\\build\\run.js:316:40)\n    at processTicksAndRejections (node:internal/process/task_queues:103:5)\n    at async _runTest (C:\\Users\\Alejandro\\AIGestion\\node_modules\\.pnpm\\jest-circus@29.7.0\\node_modules\\jest-circus\\build\\run.js:252:3)\n    at async _runTestsForDescribeBlock (C:\\Users\\Alejandro\\AIGestion\\node_modules\\.pnpm\\jest-circus@29.7.0\\node_modules\\jest-circus\\build\\run.js:126:9)\n    at async _runTestsForDescribeBlock (C:\\Users\\Alejandro\\AIGestion\\node_modules\\.pnpm\\jest-circus@29.7.0\\node_modules\\jest-circus\\build\\run.js:121:9)\n    at async _runTestsForDescribeBlock (C:\\Users\\Alejandro\\AIGestion\\node_modules\\.pnpm\\jest-circus@29.7.0\\node_modules\\jest-circus\\build\\run.js:121:9)\n    at async run (C:\\Users\\Alejandro\\AIGestion\\node_modules\\.pnpm\\jest-circus@29.7.0\\node_modules\\jest-circus\\build\\run.js:71:3)\n    at async runAndTransformResultsToJestFormat (C:\\Users\\Alejandro\\AIGestion\\node_modules\\.pnpm\\jest-circus@29.7.0\\node_modules\\jest-circus\\build\\legacy-code-todo-rewrite\\jestAdapterInit.js:122:21)\n    at async jestAdapter (C:\\Users\\Alejandro\\AIGestion\\node_modules\\.pnpm\\jest-circus@29.7.0\\node_modules\\jest-circus\\build\\legacy-code-todo-rewrite\\jestAdapter.js:79:19)\n    at async runTestInternal (C:\\Users\\Alejandro\\AIGestion\\node_modules\\.pnpm\\jest-runner@29.7.0\\node_modules\\jest-runner\\build\\runTest.js:367:16)\n    at async runTest (C:\\Users\\Alejandro\\AIGestion\\node_modules\\.pnpm\\jest-runner@29.7.0\\node_modules\\jest-runner\\build\\runTest.js:444:34)\n----\n    at Test._assertStatus (C:\\Users\\Alejandro\\AIGestion\\node_modules\\.pnpm\\supertest@6.3.4\\node_modules\\supertest\\lib\\test.js:252:14)\n    at C:\\Users\\Alejandro\\AIGestion\\node_modules\\.pnpm\\supertest@6.3.4\\node_modules\\supertest\\lib\\test.js:308:13\n    at Test._assertFunction (C:\\Users\\Alejandro\\AIGestion\\node_modules\\.pnpm\\supertest@6.3.4\\node_modules\\supertest\\lib\\test.js:285:13)\n    at Test.assert (C:\\Users\\Alejandro\\AIGestion\\node_modules\\.pnpm\\supertest@6.3.4\\node_modules\\supertest\\lib\\test.js:164:23)\n    at Server.localAssert (C:\\Users\\Alejandro\\AIGestion\\node_modules\\.pnpm\\supertest@6.3.4\\node_modules\\supertest\\lib\\test.js:120:14)\n    at Object.onceWrapper (node:events:622:28)\n    at Server.emit (node:events:508:28)\n    at Server.emit (node:domain:489:12)\n    at emitCloseNT (node:net:2419:8)\n    at processTicksAndRejections (node:internal/process/task_queues:88:21)"],"fullName":"API v1 - REST Refactoring POST /users (create) should validate required fields","invocations":1,"location":null,"numPassingAsserts":0,"retryReasons":[],"status":"failed","title":"should validate required fields"},{"ancestorTitles":["API v1 - REST Refactoring","POST /users (create)"],"duration":195,"failureDetails":[{}],"failureMessages":["Error: expected 400 \"Bad Request\", got 404 \"Not Found\"\n    at Object.<anonymous> (C:\\Users\\Alejandro\\AIGestion\\backend\\src\\__tests__\\api-v1.test.ts:164:10)\n    at Promise.then.completed (C:\\Users\\Alejandro\\AIGestion\\node_modules\\.pnpm\\jest-circus@29.7.0\\node_modules\\jest-circus\\build\\utils.js:298:28)\n    at new Promise (<anonymous>)\n    at callAsyncCircusFn (C:\\Users\\Alejandro\\AIGestion\\node_modules\\.pnpm\\jest-circus@29.7.0\\node_modules\\jest-circus\\build\\utils.js:231:10)\n    at _callCircusTest (C:\\Users\\Alejandro\\AIGestion\\node_modules\\.pnpm\\jest-circus@29.7.0\\node_modules\\jest-circus\\build\\run.js:316:40)\n    at processTicksAndRejections (node:internal/process/task_queues:103:5)\n    at async _runTest (C:\\Users\\Alejandro\\AIGestion\\node_modules\\.pnpm\\jest-circus@29.7.0\\node_modules\\jest-circus\\build\\run.js:252:3)\n    at async _runTestsForDescribeBlock (C:\\Users\\Alejandro\\AIGestion\\node_modules\\.pnpm\\jest-circus@29.7.0\\node_modules\\jest-circus\\build\\run.js:126:9)\n    at async _runTestsForDescribeBlock (C:\\Users\\Alejandro\\AIGestion\\node_modules\\.pnpm\\jest-circus@29.7.0\\node_modules\\jest-circus\\build\\run.js:121:9)\n    at async _runTestsForDescribeBlock (C:\\Users\\Alejandro\\AIGestion\\node_modules\\.pnpm\\jest-circus@29.7.0\\node_modules\\jest-circus\\build\\run.js:121:9)\n    at async run (C:\\Users\\Alejandro\\AIGestion\\node_modules\\.pnpm\\jest-circus@29.7.0\\node_modules\\jest-circus\\build\\run.js:71:3)\n    at async runAndTransformResultsToJestFormat (C:\\Users\\Alejandro\\AIGestion\\node_modules\\.pnpm\\jest-circus@29.7.0\\node_modules\\jest-circus\\build\\legacy-code-todo-rewrite\\jestAdapterInit.js:122:21)\n    at async jestAdapter (C:\\Users\\Alejandro\\AIGestion\\node_modules\\.pnpm\\jest-circus@29.7.0\\node_modules\\jest-circus\\build\\legacy-code-todo-rewrite\\jestAdapter.js:79:19)\n    at async runTestInternal (C:\\Users\\Alejandro\\AIGestion\\node_modules\\.pnpm\\jest-runner@29.7.0\\node_modules\\jest-runner\\build\\runTest.js:367:16)\n    at async runTest (C:\\Users\\Alejandro\\AIGestion\\node_modules\\.pnpm\\jest-runner@29.7.0\\node_modules\\jest-runner\\build\\runTest.js:444:34)\n----\n    at Test._assertStatus (C:\\Users\\Alejandro\\AIGestion\\node_modules\\.pnpm\\supertest@6.3.4\\node_modules\\supertest\\lib\\test.js:252:14)\n    at C:\\Users\\Alejandro\\AIGestion\\node_modules\\.pnpm\\supertest@6.3.4\\node_modules\\supertest\\lib\\test.js:308:13\n    at Test._assertFunction (C:\\Users\\Alejandro\\AIGestion\\node_modules\\.pnpm\\supertest@6.3.4\\node_modules\\supertest\\lib\\test.js:285:13)\n    at Test.assert (C:\\Users\\Alejandro\\AIGestion\\node_modules\\.pnpm\\supertest@6.3.4\\node_modules\\supertest\\lib\\test.js:164:23)\n    at Server.localAssert (C:\\Users\\Alejandro\\AIGestion\\node_modules\\.pnpm\\supertest@6.3.4\\node_modules\\supertest\\lib\\test.js:120:14)\n    at Object.onceWrapper (node:events:622:28)\n    at Server.emit (node:events:508:28)\n    at Server.emit (node:domain:489:12)\n    at emitCloseNT (node:net:2419:8)\n    at processTicksAndRejections (node:internal/process/task_queues:88:21)"],"fullName":"API v1 - REST Refactoring POST /users (create) should validate email format","invocations":1,"location":null,"numPassingAsserts":0,"retryReasons":[],"status":"failed","title":"should validate email format"},{"ancestorTitles":["API v1 - REST Refactoring","POST /users (create)"],"duration":109,"failureDetails":[],"failureMessages":[],"fullName":"API v1 - REST Refactoring POST /users (create) response time should be < 200ms","invocations":1,"location":null,"numPassingAsserts":1,"retryReasons":[],"status":"passed","title":"response time should be < 200ms"},{"ancestorTitles":["API v1 - REST Refactoring","Response format standardization"],"duration":263,"failureDetails":[],"failureMessages":[],"fullName":"API v1 - REST Refactoring Response format standardization all responses should include requestId","invocations":1,"location":null,"numPassingAsserts":6,"retryReasons":[],"status":"passed","title":"all responses should include requestId"},{"ancestorTitles":["API v1 - REST Refactoring","Response format standardization"],"duration":159,"failureDetails":[{}],"failureMessages":["Error: expected 400 \"Bad Request\", got 404 \"Not Found\"\n    at Object.<anonymous> (C:\\Users\\Alejandro\\AIGestion\\backend\\src\\__tests__\\api-v1.test.ts:198:72)\n    at Promise.then.completed (C:\\Users\\Alejandro\\AIGestion\\node_modules\\.pnpm\\jest-circus@29.7.0\\node_modules\\jest-circus\\build\\utils.js:298:28)\n    at new Promise (<anonymous>)\n    at callAsyncCircusFn (C:\\Users\\Alejandro\\AIGestion\\node_modules\\.pnpm\\jest-circus@29.7.0\\node_modules\\jest-circus\\build\\utils.js:231:10)\n    at _callCircusTest (C:\\Users\\Alejandro\\AIGestion\\node_modules\\.pnpm\\jest-circus@29.7.0\\node_modules\\jest-circus\\build\\run.js:316:40)\n    at processTicksAndRejections (node:internal/process/task_queues:103:5)\n    at async _runTest (C:\\Users\\Alejandro\\AIGestion\\node_modules\\.pnpm\\jest-circus@29.7.0\\node_modules\\jest-circus\\build\\run.js:252:3)\n    at async _runTestsForDescribeBlock (C:\\Users\\Alejandro\\AIGestion\\node_modules\\.pnpm\\jest-circus@29.7.0\\node_modules\\jest-circus\\build\\run.js:126:9)\n    at async _runTestsForDescribeBlock (C:\\Users\\Alejandro\\AIGestion\\node_modules\\.pnpm\\jest-circus@29.7.0\\node_modules\\jest-circus\\build\\run.js:121:9)\n    at async _runTestsForDescribeBlock (C:\\Users\\Alejandro\\AIGestion\\node_modules\\.pnpm\\jest-circus@29.7.0\\node_modules\\jest-circus\\build\\run.js:121:9)\n    at async run (C:\\Users\\Alejandro\\AIGestion\\node_modules\\.pnpm\\jest-circus@29.7.0\\node_modules\\jest-circus\\build\\run.js:71:3)\n    at async runAndTransformResultsToJestFormat (C:\\Users\\Alejandro\\AIGestion\\node_modules\\.pnpm\\jest-circus@29.7.0\\node_modules\\jest-circus\\build\\legacy-code-todo-rewrite\\jestAdapterInit.js:122:21)\n    at async jestAdapter (C:\\Users\\Alejandro\\AIGestion\\node_modules\\.pnpm\\jest-circus@29.7.0\\node_modules\\jest-circus\\build\\legacy-code-todo-rewrite\\jestAdapter.js:79:19)\n    at async runTestInternal (C:\\Users\\Alejandro\\AIGestion\\node_modules\\.pnpm\\jest-runner@29.7.0\\node_modules\\jest-runner\\build\\runTest.js:367:16)\n    at async runTest (C:\\Users\\Alejandro\\AIGestion\\node_modules\\.pnpm\\jest-runner@29.7.0\\node_modules\\jest-runner\\build\\runTest.js:444:34)\n----\n    at Test._assertStatus (C:\\Users\\Alejandro\\AIGestion\\node_modules\\.pnpm\\supertest@6.3.4\\node_modules\\supertest\\lib\\test.js:252:14)\n    at C:\\Users\\Alejandro\\AIGestion\\node_modules\\.pnpm\\supertest@6.3.4\\node_modules\\supertest\\lib\\test.js:308:13\n    at Test._assertFunction (C:\\Users\\Alejandro\\AIGestion\\node_modules\\.pnpm\\supertest@6.3.4\\node_modules\\supertest\\lib\\test.js:285:13)\n    at Test.assert (C:\\Users\\Alejandro\\AIGestion\\node_modules\\.pnpm\\supertest@6.3.4\\node_modules\\supertest\\lib\\test.js:164:23)\n    at Server.localAssert (C:\\Users\\Alejandro\\AIGestion\\node_modules\\.pnpm\\supertest@6.3.4\\node_modules\\supertest\\lib\\test.js:120:14)\n    at Object.onceWrapper (node:events:622:28)\n    at Server.emit (node:events:508:28)\n    at Server.emit (node:domain:489:12)\n    at emitCloseNT (node:net:2419:8)\n    at processTicksAndRejections (node:internal/process/task_queues:88:21)"],"fullName":"API v1 - REST Refactoring Response format standardization error responses should follow RFC 7807","invocations":1,"location":null,"numPassingAsserts":0,"retryReasons":[],"status":"failed","title":"error responses should follow RFC 7807"},{"ancestorTitles":["API v1 - REST Refactoring","Response format standardization"],"duration":122,"failureDetails":[],"failureMessages":[],"fullName":"API v1 - REST Refactoring Response format standardization should include timestamps in ISO 8601 format","invocations":1,"location":null,"numPassingAsserts":1,"retryReasons":[],"status":"passed","title":"should include timestamps in ISO 8601 format"},{"ancestorTitles":["API v1 - REST Refactoring","Performance metrics"],"duration":667,"failureDetails":[],"failureMessages":[],"fullName":"API v1 - REST Refactoring Performance metrics GET /health should average < 100ms","invocations":1,"location":null,"numPassingAsserts":1,"retryReasons":[],"status":"passed","title":"GET /health should average < 100ms"},{"ancestorTitles":["API v1 - REST Refactoring","Performance metrics"],"duration":875,"failureDetails":[],"failureMessages":[],"fullName":"API v1 - REST Refactoring Performance metrics GET /users should average < 150ms","invocations":1,"location":null,"numPassingAsserts":1,"retryReasons":[],"status":"passed","title":"GET /users should average < 150ms"},{"ancestorTitles":["API v1 - REST Refactoring","Performance metrics"],"duration":772,"failureDetails":[],"failureMessages":[],"fullName":"API v1 - REST Refactoring Performance metrics POST /users should average < 200ms","invocations":1,"location":null,"numPassingAsserts":1,"retryReasons":[],"status":"passed","title":"POST /users should average < 200ms"}],"endTime":1767699437571,"message":"  ● API v1 - REST Refactoring › GET /users/{userId} › should validate userId format\n\n    expected 400 \"Bad Request\", got 404 \"Not Found\"\n\n    \u001b[0m \u001b[90m 61 |\u001b[39m\n     \u001b[90m 62 |\u001b[39m     it(\u001b[32m'should validate userId format'\u001b[39m\u001b[33m,\u001b[39m \u001b[36masync\u001b[39m () \u001b[33m=>\u001b[39m {\n    \u001b[31m\u001b[1m>\u001b[22m\u001b[39m\u001b[90m 63 |\u001b[39m       \u001b[36mconst\u001b[39m response \u001b[33m=\u001b[39m \u001b[36mawait\u001b[39m request(app)\u001b[33m.\u001b[39m\u001b[36mget\u001b[39m(\u001b[32m'/api/v1/users/invalid-id'\u001b[39m)\u001b[33m.\u001b[39mexpect(\u001b[35m400\u001b[39m)\u001b[33m;\u001b[39m\n     \u001b[90m    |\u001b[39m                                                                           \u001b[31m\u001b[1m^\u001b[22m\u001b[39m\n     \u001b[90m 64 |\u001b[39m\n     \u001b[90m 65 |\u001b[39m       expect(response\u001b[33m.\u001b[39mbody\u001b[33m.\u001b[39mstatus)\u001b[33m.\u001b[39mtoBe(\u001b[35m400\u001b[39m)\u001b[33m;\u001b[39m\n     \u001b[90m 66 |\u001b[39m       expect(response\u001b[33m.\u001b[39mbody\u001b[33m.\u001b[39merror)\u001b[33m.\u001b[39mtoHaveProperty(\u001b[32m'code'\u001b[39m)\u001b[33m;\u001b[39m\u001b[0m\n\n      at Object.<anonymous> (src/__tests__/api-v1.test.ts:63:75)\n      ----\n      at Test._assertStatus (../node_modules/.pnpm/supertest@6.3.4/node_modules/supertest/lib/test.js:252:14)\n      at ../node_modules/.pnpm/supertest@6.3.4/node_modules/supertest/lib/test.js:308:13\n      at Test._assertFunction (../node_modules/.pnpm/supertest@6.3.4/node_modules/supertest/lib/test.js:285:13)\n      at Test.assert (../node_modules/.pnpm/supertest@6.3.4/node_modules/supertest/lib/test.js:164:23)\n      at Server.localAssert (../node_modules/.pnpm/supertest@6.3.4/node_modules/supertest/lib/test.js:120:14)\n\n  ● API v1 - REST Refactoring › GET /users (list) › should validate pagination parameters\n\n    expected 400 \"Bad Request\", got 404 \"Not Found\"\n\n    \u001b[0m \u001b[90m  98 |\u001b[39m         \u001b[33m.\u001b[39m\u001b[36mget\u001b[39m(\u001b[32m'/api/v1/users'\u001b[39m)\n     \u001b[90m  99 |\u001b[39m         \u001b[33m.\u001b[39mquery({ page\u001b[33m:\u001b[39m \u001b[35m0\u001b[39m\u001b[33m,\u001b[39m limit\u001b[33m:\u001b[39m \u001b[35m10\u001b[39m })\n    \u001b[31m\u001b[1m>\u001b[22m\u001b[39m\u001b[90m 100 |\u001b[39m         \u001b[33m.\u001b[39mexpect(\u001b[35m400\u001b[39m)\u001b[33m;\u001b[39m\n     \u001b[90m     |\u001b[39m          \u001b[31m\u001b[1m^\u001b[22m\u001b[39m\n     \u001b[90m 101 |\u001b[39m\n     \u001b[90m 102 |\u001b[39m       expect(response\u001b[33m.\u001b[39mbody\u001b[33m.\u001b[39merror\u001b[33m.\u001b[39mcode)\u001b[33m.\u001b[39mtoBe(\u001b[32m'VALIDATION_ERROR'\u001b[39m)\u001b[33m;\u001b[39m\n     \u001b[90m 103 |\u001b[39m\u001b[0m\n\n      at Object.<anonymous> (src/__tests__/api-v1.test.ts:100:10)\n      ----\n      at Test._assertStatus (../node_modules/.pnpm/supertest@6.3.4/node_modules/supertest/lib/test.js:252:14)\n      at ../node_modules/.pnpm/supertest@6.3.4/node_modules/supertest/lib/test.js:308:13\n      at Test._assertFunction (../node_modules/.pnpm/supertest@6.3.4/node_modules/supertest/lib/test.js:285:13)\n      at Test.assert (../node_modules/.pnpm/supertest@6.3.4/node_modules/supertest/lib/test.js:164:23)\n      at Server.localAssert (../node_modules/.pnpm/supertest@6.3.4/node_modules/supertest/lib/test.js:120:14)\n\n  ● API v1 - REST Refactoring › POST /users (create) › should create user with valid input\n\n    expected 201 \"Created\", got 404 \"Not Found\"\n\n    \u001b[0m \u001b[90m 124 |\u001b[39m           name\u001b[33m:\u001b[39m \u001b[32m'Test User'\u001b[39m\u001b[33m,\u001b[39m\n     \u001b[90m 125 |\u001b[39m         })\n    \u001b[31m\u001b[1m>\u001b[22m\u001b[39m\u001b[90m 126 |\u001b[39m         \u001b[33m.\u001b[39mexpect(\u001b[35m201\u001b[39m)\u001b[33m;\u001b[39m\n     \u001b[90m     |\u001b[39m          \u001b[31m\u001b[1m^\u001b[22m\u001b[39m\n     \u001b[90m 127 |\u001b[39m\n     \u001b[90m 128 |\u001b[39m       expect(response\u001b[33m.\u001b[39mbody\u001b[33m.\u001b[39mstatus)\u001b[33m.\u001b[39mtoBe(\u001b[35m201\u001b[39m)\u001b[33m;\u001b[39m\n     \u001b[90m 129 |\u001b[39m       expect(response\u001b[33m.\u001b[39mbody\u001b[33m.\u001b[39mdata)\u001b[33m.\u001b[39mtoHaveProperty(\u001b[32m'id'\u001b[39m)\u001b[33m;\u001b[39m\u001b[0m\n\n      at Object.<anonymous> (src/__tests__/api-v1.test.ts:126:10)\n      ----\n      at Test._assertStatus (../node_modules/.pnpm/supertest@6.3.4/node_modules/supertest/lib/test.js:252:14)\n      at ../node_modules/.pnpm/supertest@6.3.4/node_modules/supertest/lib/test.js:308:13\n      at Test._assertFunction (../node_modules/.pnpm/supertest@6.3.4/node_modules/supertest/lib/test.js:285:13)\n      at Test.assert (../node_modules/.pnpm/supertest@6.3.4/node_modules/supertest/lib/test.js:164:23)\n      at Server.localAssert (../node_modules/.pnpm/supertest@6.3.4/node_modules/supertest/lib/test.js:120:14)\n\n  ● API v1 - REST Refactoring › POST /users (create) › should validate required fields\n\n    expected 400 \"Bad Request\", got 404 \"Not Found\"\n\n    \u001b[0m \u001b[90m 139 |\u001b[39m           name\u001b[33m:\u001b[39m \u001b[32m'Test User'\u001b[39m\u001b[33m,\u001b[39m\n     \u001b[90m 140 |\u001b[39m         })\n    \u001b[31m\u001b[1m>\u001b[22m\u001b[39m\u001b[90m 141 |\u001b[39m         \u001b[33m.\u001b[39mexpect(\u001b[35m400\u001b[39m)\u001b[33m;\u001b[39m\n     \u001b[90m     |\u001b[39m          \u001b[31m\u001b[1m^\u001b[22m\u001b[39m\n     \u001b[90m 142 |\u001b[39m\n     \u001b[90m 143 |\u001b[39m       expect(response\u001b[33m.\u001b[39mbody\u001b[33m.\u001b[39merror\u001b[33m.\u001b[39mcode)\u001b[33m.\u001b[39mtoBe(\u001b[32m'VALIDATION_ERROR'\u001b[39m)\u001b[33m;\u001b[39m\n     \u001b[90m 144 |\u001b[39m       expect(response\u001b[33m.\u001b[39mbody\u001b[33m.\u001b[39merror\u001b[33m.\u001b[39mdetails)\u001b[33m.\u001b[39mtoHaveProperty(\u001b[32m'missing'\u001b[39m)\u001b[33m;\u001b[39m\u001b[0m\n\n      at Object.<anonymous> (src/__tests__/api-v1.test.ts:141:10)\n      ----\n      at Test._assertStatus (../node_modules/.pnpm/supertest@6.3.4/node_modules/supertest/lib/test.js:252:14)\n      at ../node_modules/.pnpm/supertest@6.3.4/node_modules/supertest/lib/test.js:308:13\n      at Test._assertFunction (../node_modules/.pnpm/supertest@6.3.4/node_modules/supertest/lib/test.js:285:13)\n      at Test.assert (../node_modules/.pnpm/supertest@6.3.4/node_modules/supertest/lib/test.js:164:23)\n      at Server.localAssert (../node_modules/.pnpm/supertest@6.3.4/node_modules/supertest/lib/test.js:120:14)\n\n  ● API v1 - REST Refactoring › POST /users (create) › should validate email format\n\n    expected 400 \"Bad Request\", got 404 \"Not Found\"\n\n    \u001b[0m \u001b[90m 162 |\u001b[39m           name\u001b[33m:\u001b[39m \u001b[32m'Test User'\u001b[39m\u001b[33m,\u001b[39m\n     \u001b[90m 163 |\u001b[39m         })\n    \u001b[31m\u001b[1m>\u001b[22m\u001b[39m\u001b[90m 164 |\u001b[39m         \u001b[33m.\u001b[39mexpect(\u001b[35m400\u001b[39m)\u001b[33m;\u001b[39m\n     \u001b[90m     |\u001b[39m          \u001b[31m\u001b[1m^\u001b[22m\u001b[39m\n     \u001b[90m 165 |\u001b[39m\n     \u001b[90m 166 |\u001b[39m       expect(response\u001b[33m.\u001b[39mbody\u001b[33m.\u001b[39merror\u001b[33m.\u001b[39mcode)\u001b[33m.\u001b[39mtoBe(\u001b[32m'VALIDATION_ERROR'\u001b[39m)\u001b[33m;\u001b[39m\n     \u001b[90m 167 |\u001b[39m       expect(response\u001b[33m.\u001b[39mbody\u001b[33m.\u001b[39merror\u001b[33m.\u001b[39mmessage)\u001b[33m.\u001b[39mtoContain(\u001b[32m'email'\u001b[39m)\u001b[33m;\u001b[39m\u001b[0m\n\n      at Object.<anonymous> (src/__tests__/api-v1.test.ts:164:10)\n      ----\n      at Test._assertStatus (../node_modules/.pnpm/supertest@6.3.4/node_modules/supertest/lib/test.js:252:14)\n      at ../node_modules/.pnpm/supertest@6.3.4/node_modules/supertest/lib/test.js:308:13\n      at Test._assertFunction (../node_modules/.pnpm/supertest@6.3.4/node_modules/supertest/lib/test.js:285:13)\n      at Test.assert (../node_modules/.pnpm/supertest@6.3.4/node_modules/supertest/lib/test.js:164:23)\n      at Server.localAssert (../node_modules/.pnpm/supertest@6.3.4/node_modules/supertest/lib/test.js:120:14)\n\n  ● API v1 - REST Refactoring › Response format standardization › error responses should follow RFC 7807\n\n    expected 400 \"Bad Request\", got 404 \"Not Found\"\n\n    \u001b[0m \u001b[90m 196 |\u001b[39m\n     \u001b[90m 197 |\u001b[39m     it(\u001b[32m'error responses should follow RFC 7807'\u001b[39m\u001b[33m,\u001b[39m \u001b[36masync\u001b[39m () \u001b[33m=>\u001b[39m {\n    \u001b[31m\u001b[1m>\u001b[22m\u001b[39m\u001b[90m 198 |\u001b[39m       \u001b[36mconst\u001b[39m response \u001b[33m=\u001b[39m \u001b[36mawait\u001b[39m request(app)\u001b[33m.\u001b[39m\u001b[36mget\u001b[39m(\u001b[32m'/api/v1/users/invalid'\u001b[39m)\u001b[33m.\u001b[39mexpect(\u001b[35m400\u001b[39m)\u001b[33m;\u001b[39m\n     \u001b[90m     |\u001b[39m                                                                        \u001b[31m\u001b[1m^\u001b[22m\u001b[39m\n     \u001b[90m 199 |\u001b[39m\n     \u001b[90m 200 |\u001b[39m       \u001b[90m// RFC 7807 Problem Details\u001b[39m\n     \u001b[90m 201 |\u001b[39m       expect(response\u001b[33m.\u001b[39mbody\u001b[33m.\u001b[39merror)\u001b[33m.\u001b[39mtoHaveProperty(\u001b[32m'code'\u001b[39m)\u001b[33m;\u001b[39m\u001b[0m\n\n      at Object.<anonymous> (src/__tests__/api-v1.test.ts:198:72)\n      ----\n      at Test._assertStatus (../node_modules/.pnpm/supertest@6.3.4/node_modules/supertest/lib/test.js:252:14)\n      at ../node_modules/.pnpm/supertest@6.3.4/node_modules/supertest/lib/test.js:308:13\n      at Test._assertFunction (../node_modules/.pnpm/supertest@6.3.4/node_modules/supertest/lib/test.js:285:13)\n      at Test.assert (../node_modules/.pnpm/supertest@6.3.4/node_modules/supertest/lib/test.js:164:23)\n      at Server.localAssert (../node_modules/.pnpm/supertest@6.3.4/node_modules/supertest/lib/test.js:120:14)\n","name":"C:\\Users\\Alejandro\\AIGestion\\backend\\src\\__tests__\\api-v1.test.ts","startTime":1767699414192,"status":"failed","summary":""},{"assertionResults":[{"ancestorTitles":["Task 1.1 & 1.2: REST API v1 + GraphQL","REST API v1 - Health Check"],"duration":102,"failureDetails":[],"failureMessages":[],"fullName":"Task 1.1 & 1.2: REST API v1 + GraphQL REST API v1 - Health Check should return health status","invocations":1,"location":null,"numPassingAsserts":4,"retryReasons":[],"status":"passed","title":"should return health status"},{"ancestorTitles":["Task 1.1 & 1.2: REST API v1 + GraphQL","REST API v1 - Health Check"],"duration":56,"failureDetails":[],"failureMessages":[],"fullName":"Task 1.1 & 1.2: REST API v1 + GraphQL REST API v1 - Health Check should include requestId in all responses","invocations":1,"location":null,"numPassingAsserts":1,"retryReasons":[],"status":"passed","title":"should include requestId in all responses"},{"ancestorTitles":["Task 1.1 & 1.2: REST API v1 + GraphQL","REST API v1 - Error Handling"],"duration":91,"failureDetails":[],"failureMessages":[],"fullName":"Task 1.1 & 1.2: REST API v1 + GraphQL REST API v1 - Error Handling should return standardized error for 404","invocations":1,"location":null,"numPassingAsserts":6,"retryReasons":[],"status":"passed","title":"should return standardized error for 404"},{"ancestorTitles":["Task 1.1 & 1.2: REST API v1 + GraphQL","REST API v1 - Error Handling"],"duration":171,"failureDetails":[{"matcherResult":{"actual":404,"expected":400,"message":"expect(received).toBe(expected) // Object.is equality\n\nExpected: 400\nReceived: 404","name":"toBe","pass":false}}],"failureMessages":["Error: expect(received).toBe(expected) // Object.is equality\n\nExpected: 400\nReceived: 404\n    at Object.<anonymous> (C:\\Users\\Alejandro\\AIGestion\\backend\\src\\__tests__\\task1-rest-graphql.test.ts:38:31)\n    at processTicksAndRejections (node:internal/process/task_queues:103:5)"],"fullName":"Task 1.1 & 1.2: REST API v1 + GraphQL REST API v1 - Error Handling should validate request body","invocations":1,"location":null,"numPassingAsserts":0,"retryReasons":[],"status":"failed","title":"should validate request body"},{"ancestorTitles":["Task 1.1 & 1.2: REST API v1 + GraphQL","GraphQL - Schema Query"],"duration":168,"failureDetails":[{"matcherResult":{"message":"expect(received).toBeDefined()\n\nReceived: undefined","pass":false}}],"failureMessages":["Error: expect(received).toBeDefined()\n\nReceived: undefined\n    at Object.<anonymous> (C:\\Users\\Alejandro\\AIGestion\\backend\\src\\__tests__\\task1-rest-graphql.test.ts:63:43)\n    at processTicksAndRejections (node:internal/process/task_queues:103:5)"],"fullName":"Task 1.1 & 1.2: REST API v1 + GraphQL GraphQL - Schema Query should respond to GraphQL introspection query","invocations":1,"location":null,"numPassingAsserts":2,"retryReasons":[],"status":"failed","title":"should respond to GraphQL introspection query"},{"ancestorTitles":["Task 1.1 & 1.2: REST API v1 + GraphQL","GraphQL - Schema Query"],"duration":159,"failureDetails":[{}],"failureMessages":["TypeError: Cannot read properties of undefined (reading 'name')\n    at Object.<anonymous> (C:\\Users\\Alejandro\\AIGestion\\backend\\src\\__tests__\\task1-rest-graphql.test.ts:88:40)\n    at processTicksAndRejections (node:internal/process/task_queues:103:5)"],"fullName":"Task 1.1 & 1.2: REST API v1 + GraphQL GraphQL - Schema Query should return GraphQL schema with User type","invocations":1,"location":null,"numPassingAsserts":1,"retryReasons":[],"status":"failed","title":"should return GraphQL schema with User type"},{"ancestorTitles":["Task 1.1 & 1.2: REST API v1 + GraphQL","GraphQL - Schema Query"],"duration":145,"failureDetails":[{"matcherResult":{"message":"expect(received).toHaveProperty(path)\n\nExpected path: \"errors\"\nReceived path: []\n\nReceived value: {\"data\": {\"errors\": [{\"extensions\": {\"code\": \"INTERNAL_ERROR\"}, \"locations\": [{\"column\": 11, \"line\": 3}], \"message\": \"Cannot query field \\\"invalidField\\\" on type \\\"Query\\\".\"}]}, \"requestId\": \"req_1767699442840_f5pzafe3p\", \"status\": 400, \"timestamp\": \"2026-01-06T11:37:22.935Z\"}","pass":false}}],"failureMessages":["Error: expect(received).toHaveProperty(path)\n\nExpected path: \"errors\"\nReceived path: []\n\nReceived value: {\"data\": {\"errors\": [{\"extensions\": {\"code\": \"INTERNAL_ERROR\"}, \"locations\": [{\"column\": 11, \"line\": 3}], \"message\": \"Cannot query field \\\"invalidField\\\" on type \\\"Query\\\".\"}]}, \"requestId\": \"req_1767699442840_f5pzafe3p\", \"status\": 400, \"timestamp\": \"2026-01-06T11:37:22.935Z\"}\n    at Object.<anonymous> (C:\\Users\\Alejandro\\AIGestion\\backend\\src\\__tests__\\task1-rest-graphql.test.ts:106:29)\n    at processTicksAndRejections (node:internal/process/task_queues:103:5)"],"fullName":"Task 1.1 & 1.2: REST API v1 + GraphQL GraphQL - Schema Query should handle GraphQL errors gracefully","invocations":1,"location":null,"numPassingAsserts":1,"retryReasons":[],"status":"failed","title":"should handle GraphQL errors gracefully"},{"ancestorTitles":["Task 1.1 & 1.2: REST API v1 + GraphQL","Performance Metrics"],"duration":100,"failureDetails":[],"failureMessages":[],"fullName":"Task 1.1 & 1.2: REST API v1 + GraphQL Performance Metrics REST endpoint should respond in less than 200ms","invocations":1,"location":null,"numPassingAsserts":1,"retryReasons":[],"status":"passed","title":"REST endpoint should respond in less than 200ms"},{"ancestorTitles":["Task 1.1 & 1.2: REST API v1 + GraphQL","Performance Metrics"],"duration":144,"failureDetails":[],"failureMessages":[],"fullName":"Task 1.1 & 1.2: REST API v1 + GraphQL Performance Metrics GraphQL introspection should respond in less than 200ms","invocations":1,"location":null,"numPassingAsserts":1,"retryReasons":[],"status":"passed","title":"GraphQL introspection should respond in less than 200ms"},{"ancestorTitles":["Task 1.1 & 1.2: REST API v1 + GraphQL","API Versioning"],"duration":90,"failureDetails":[],"failureMessages":[],"fullName":"Task 1.1 & 1.2: REST API v1 + GraphQL API Versioning should route to /api/v1 correctly","invocations":1,"location":null,"numPassingAsserts":1,"retryReasons":[],"status":"passed","title":"should route to /api/v1 correctly"},{"ancestorTitles":["Task 1.1 & 1.2: REST API v1 + GraphQL","API Versioning"],"duration":52,"failureDetails":[],"failureMessages":[],"fullName":"Task 1.1 & 1.2: REST API v1 + GraphQL API Versioning should separate v1 and future v2 endpoints","invocations":1,"location":null,"numPassingAsserts":1,"retryReasons":[],"status":"passed","title":"should separate v1 and future v2 endpoints"},{"ancestorTitles":["Task 1.1 & 1.2: REST API v1 + GraphQL","Response Format Compliance"],"duration":146,"failureDetails":[],"failureMessages":[],"fullName":"Task 1.1 & 1.2: REST API v1 + GraphQL Response Format Compliance REST responses should follow standard format","invocations":1,"location":null,"numPassingAsserts":6,"retryReasons":[],"status":"passed","title":"REST responses should follow standard format"},{"ancestorTitles":["Task 1.1 & 1.2: REST API v1 + GraphQL","Response Format Compliance"],"duration":142,"failureDetails":[],"failureMessages":[],"fullName":"Task 1.1 & 1.2: REST API v1 + GraphQL Response Format Compliance Error responses should follow standard format","invocations":1,"location":null,"numPassingAsserts":6,"retryReasons":[],"status":"passed","title":"Error responses should follow standard format"}],"endTime":1767699443776,"message":"  ● Task 1.1 & 1.2: REST API v1 + GraphQL › REST API v1 - Error Handling › should validate request body\n\n    expect(received).toBe(expected) // Object.is equality\n\n    Expected: 400\n    Received: 404\n\n    \u001b[0m \u001b[90m 36 |\u001b[39m       \u001b[36mconst\u001b[39m response \u001b[33m=\u001b[39m \u001b[36mawait\u001b[39m request(app)\u001b[33m.\u001b[39mpost(\u001b[32m'/api/v1/users'\u001b[39m)\u001b[33m.\u001b[39msend({ email\u001b[33m:\u001b[39m \u001b[32m'invalid-email'\u001b[39m })\u001b[33m;\u001b[39m\n     \u001b[90m 37 |\u001b[39m\n    \u001b[31m\u001b[1m>\u001b[22m\u001b[39m\u001b[90m 38 |\u001b[39m       expect(response\u001b[33m.\u001b[39mstatus)\u001b[33m.\u001b[39mtoBe(\u001b[35m400\u001b[39m)\u001b[33m;\u001b[39m\n     \u001b[90m    |\u001b[39m                               \u001b[31m\u001b[1m^\u001b[22m\u001b[39m\n     \u001b[90m 39 |\u001b[39m       expect(response\u001b[33m.\u001b[39mbody\u001b[33m.\u001b[39merror)\u001b[33m.\u001b[39mtoHaveProperty(\u001b[32m'code'\u001b[39m)\u001b[33m;\u001b[39m\n     \u001b[90m 40 |\u001b[39m       expect(response\u001b[33m.\u001b[39mbody\u001b[33m.\u001b[39merror)\u001b[33m.\u001b[39mtoHaveProperty(\u001b[32m'details'\u001b[39m)\u001b[33m;\u001b[39m\n     \u001b[90m 41 |\u001b[39m     })\u001b[33m;\u001b[39m\u001b[0m\n\n      at Object.<anonymous> (src/__tests__/task1-rest-graphql.test.ts:38:31)\n\n  ● Task 1.1 & 1.2: REST API v1 + GraphQL › GraphQL - Schema Query › should respond to GraphQL introspection query\n\n    expect(received).toBeDefined()\n\n    Received: undefined\n\n    \u001b[0m \u001b[90m 61 |\u001b[39m       expect(response\u001b[33m.\u001b[39mstatus)\u001b[33m.\u001b[39mtoBe(\u001b[35m200\u001b[39m)\u001b[33m;\u001b[39m\n     \u001b[90m 62 |\u001b[39m       expect(response\u001b[33m.\u001b[39mbody)\u001b[33m.\u001b[39mtoHaveProperty(\u001b[32m'data'\u001b[39m)\u001b[33m;\u001b[39m\n    \u001b[31m\u001b[1m>\u001b[22m\u001b[39m\u001b[90m 63 |\u001b[39m       expect(response\u001b[33m.\u001b[39mbody\u001b[33m.\u001b[39mdata\u001b[33m.\u001b[39m__schema)\u001b[33m.\u001b[39mtoBeDefined()\u001b[33m;\u001b[39m\n     \u001b[90m    |\u001b[39m                                           \u001b[31m\u001b[1m^\u001b[22m\u001b[39m\n     \u001b[90m 64 |\u001b[39m     })\u001b[33m;\u001b[39m\n     \u001b[90m 65 |\u001b[39m\n     \u001b[90m 66 |\u001b[39m     it(\u001b[32m'should return GraphQL schema with User type'\u001b[39m\u001b[33m,\u001b[39m \u001b[36masync\u001b[39m () \u001b[33m=>\u001b[39m {\u001b[0m\n\n      at Object.<anonymous> (src/__tests__/task1-rest-graphql.test.ts:63:43)\n\n  ● Task 1.1 & 1.2: REST API v1 + GraphQL › GraphQL - Schema Query › should return GraphQL schema with User type\n\n    TypeError: Cannot read properties of undefined (reading 'name')\n\n    \u001b[0m \u001b[90m 86 |\u001b[39m\n     \u001b[90m 87 |\u001b[39m       expect(response\u001b[33m.\u001b[39mstatus)\u001b[33m.\u001b[39mtoBe(\u001b[35m200\u001b[39m)\u001b[33m;\u001b[39m\n    \u001b[31m\u001b[1m>\u001b[22m\u001b[39m\u001b[90m 88 |\u001b[39m       expect(response\u001b[33m.\u001b[39mbody\u001b[33m.\u001b[39mdata\u001b[33m.\u001b[39m__type\u001b[33m.\u001b[39mname)\u001b[33m.\u001b[39mtoBe(\u001b[32m'User'\u001b[39m)\u001b[33m;\u001b[39m\n     \u001b[90m    |\u001b[39m                                        \u001b[31m\u001b[1m^\u001b[22m\u001b[39m\n     \u001b[90m 89 |\u001b[39m       expect(response\u001b[33m.\u001b[39mbody\u001b[33m.\u001b[39mdata\u001b[33m.\u001b[39m__type\u001b[33m.\u001b[39mfields)\u001b[33m.\u001b[39mtoBeDefined()\u001b[33m;\u001b[39m\n     \u001b[90m 90 |\u001b[39m       expect(response\u001b[33m.\u001b[39mbody\u001b[33m.\u001b[39mdata\u001b[33m.\u001b[39m__type\u001b[33m.\u001b[39mfields\u001b[33m.\u001b[39mlength)\u001b[33m.\u001b[39mtoBeGreaterThan(\u001b[35m0\u001b[39m)\u001b[33m;\u001b[39m\n     \u001b[90m 91 |\u001b[39m     })\u001b[33m;\u001b[39m\u001b[0m\n\n      at Object.<anonymous> (src/__tests__/task1-rest-graphql.test.ts:88:40)\n\n  ● Task 1.1 & 1.2: REST API v1 + GraphQL › GraphQL - Schema Query › should handle GraphQL errors gracefully\n\n    expect(received).toHaveProperty(path)\n\n    Expected path: \"errors\"\n    Received path: []\n\n    Received value: {\"data\": {\"errors\": [{\"extensions\": {\"code\": \"INTERNAL_ERROR\"}, \"locations\": [{\"column\": 11, \"line\": 3}], \"message\": \"Cannot query field \\\"invalidField\\\" on type \\\"Query\\\".\"}]}, \"requestId\": \"req_1767699442840_f5pzafe3p\", \"status\": 400, \"timestamp\": \"2026-01-06T11:37:22.935Z\"}\n\n    \u001b[0m \u001b[90m 104 |\u001b[39m\n     \u001b[90m 105 |\u001b[39m       expect(response\u001b[33m.\u001b[39mstatus)\u001b[33m.\u001b[39mtoBe(\u001b[35m400\u001b[39m)\u001b[33m;\u001b[39m\n    \u001b[31m\u001b[1m>\u001b[22m\u001b[39m\u001b[90m 106 |\u001b[39m       expect(response\u001b[33m.\u001b[39mbody)\u001b[33m.\u001b[39mtoHaveProperty(\u001b[32m'errors'\u001b[39m)\u001b[33m;\u001b[39m\n     \u001b[90m     |\u001b[39m                             \u001b[31m\u001b[1m^\u001b[22m\u001b[39m\n     \u001b[90m 107 |\u001b[39m       expect(response\u001b[33m.\u001b[39mbody\u001b[33m.\u001b[39merrors[\u001b[35m0\u001b[39m])\u001b[33m.\u001b[39mtoHaveProperty(\u001b[32m'message'\u001b[39m)\u001b[33m;\u001b[39m\n     \u001b[90m 108 |\u001b[39m     })\u001b[33m;\u001b[39m\n     \u001b[90m 109 |\u001b[39m   })\u001b[33m;\u001b[39m\u001b[0m\n\n      at Object.<anonymous> (src/__tests__/task1-rest-graphql.test.ts:106:29)\n","name":"C:\\Users\\Alejandro\\AIGestion\\backend\\src\\__tests__\\task1-rest-graphql.test.ts","startTime":1767699437888,"status":"failed","summary":""},{"assertionResults":[{"ancestorTitles":["Swagger UI and JSON"],"duration":150,"failureDetails":[],"failureMessages":[],"fullName":"Swagger UI and JSON should serve Swagger UI at /api-docs","invocations":1,"location":null,"numPassingAsserts":2,"retryReasons":[],"status":"passed","title":"should serve Swagger UI at /api-docs"},{"ancestorTitles":["Swagger UI and JSON"],"duration":88,"failureDetails":[{"matcherResult":{"message":"expect(received).toHaveProperty(path)\n\nExpected path: \"openapi\"\nReceived path: []\n\nReceived value: {\"data\": {\"components\": {}, \"info\": {\"description\": \"Auto‑generated API documentation for AIGestion backend\", \"title\": \"AIGestion API\", \"version\": \"1.0.0\"}, \"openapi\": \"3.0.0\", \"paths\": {\"/ai\": {\"get\": {\"responses\": {\"200\": {\"description\": \"Successful response\"}}, \"summary\": \"AI related endpoints (placeholder)\", \"tags\": [\"AI\"]}}, \"/ai/prompt\": {\"post\": {\"requestBody\": {\"content\": {\"application/json\": {\"schema\": {\"properties\": {\"prompt\": [Object]}, \"type\": \"object\"}}}, \"required\": true}, \"responses\": {\"200\": {\"description\": \"Prompt response\"}}, \"summary\": \"Run AI prompt\", \"tags\": [\"AI\"]}}, \"/exit-templates\": {\"get\": {\"responses\": {\"200\": {\"description\": \"Successful response\"}}, \"summary\": \"Exit email templates endpoints (placeholder)\", \"tags\": [\"ExitEmail\"]}}, \"/mcp/health\": {\"get\": {\"responses\": {\"200\": {\"description\": \"MCP server is reachable\"}, \"502\": {\"description\": \"Unable to reach MCP server\"}}, \"summary\": \"Check MCP server health\", \"tags\": [\"MCP\"]}}, \"/stripe\": {\"get\": {\"responses\": {\"200\": {\"description\": \"Successful response\"}}, \"summary\": \"Stripe related endpoints (placeholder)\", \"tags\": [\"Stripe\"]}}, \"/stripe/checkout\": {\"post\": {\"requestBody\": {\"content\": {\"application/json\": {\"schema\": {\"properties\": {\"cancelUrl\": [Object], \"priceId\": [Object], \"successUrl\": [Object], \"userId\": [Object]}, \"type\": \"object\"}}}, \"required\": true}, \"responses\": {\"200\": {\"content\": {\"application/json\": {\"schema\": {\"properties\": [Object], \"type\": \"object\"}}}, \"description\": \"Checkout session created\"}, \"400\": {\"description\": \"Validation error\"}, \"500\": {\"description\": \"Server error\"}}, \"summary\": \"Create a Stripe Checkout Session\", \"tags\": [\"Stripe\"]}}, \"/stripe/webhook\": {\"post\": {\"requestBody\": {\"content\": {\"application/json\": {\"schema\": {\"type\": \"object\"}}}, \"required\": true}, \"responses\": {\"200\": {\"description\": \"Webhook processed\"}, \"400\": {\"description\": \"Bad request\"}}, \"summary\": \"Stripe webhook endpoint\", \"tags\": [\"Stripe\"]}}, \"/system/credentials/verify\": {\"post\": {\"responses\": {\"200\": {\"description\": \"Verification report\"}, \"500\": {\"description\": \"Internal server error\"}}, \"summary\": \"Verify all configured credentials and API keys\", \"tags\": [\"System\"]}}, \"/system/history/{metric}\": {\"get\": {\"parameters\": [{\"description\": \"The name of the metric (e.g., cpu, memory)\", \"in\": \"path\", \"name\": \"metric\", \"required\": true, \"schema\": {\"type\": \"string\"}}], \"responses\": {\"200\": {\"description\": \"List of metric snapshots\"}, \"500\": {\"description\": \"Internal server error\"}}, \"summary\": \"Retrieve history for a specific metric\", \"tags\": [\"System\"]}}, \"/users\": {\"get\": {\"responses\": {\"200\": {\"description\": \"List of users\"}}, \"summary\": \"Retrieve all users\", \"tags\": [\"Users\"]}, \"post\": {\"requestBody\": {\"content\": {\"application/json\": {\"schema\": {\"type\": \"object\"}}}, \"required\": true}, \"responses\": {\"201\": {\"description\": \"User created\"}}, \"summary\": \"Create a new user\", \"tags\": [\"Users\"]}}, \"/users/{id}\": {\"delete\": {\"parameters\": [{\"in\": \"path\", \"name\": \"id\", \"required\": true, \"schema\": {\"type\": \"string\"}}], \"responses\": {\"204\": {\"description\": \"User deleted\"}, \"404\": {\"description\": \"User not found\"}}, \"summary\": \"Delete user by ID\", \"tags\": [\"Users\"]}, \"get\": {\"parameters\": [{\"in\": \"path\", \"name\": \"id\", \"required\": true, \"schema\": {\"type\": \"string\"}}], \"responses\": {\"200\": {\"description\": \"User data\"}, \"404\": {\"description\": \"User not found\"}}, \"summary\": \"Get user by ID\", \"tags\": [\"Users\"]}, \"put\": {\"parameters\": [{\"in\": \"path\", \"name\": \"id\", \"required\": true, \"schema\": {\"type\": \"string\"}}], \"requestBody\": {\"content\": {\"application/json\": {\"schema\": {\"$ref\": \"#/components/schemas/UserUpdate\"}}}, \"required\": true}, \"responses\": {\"200\": {\"description\": \"User updated\"}, \"404\": {\"description\": \"User not found\"}}, \"summary\": \"Update user by ID\", \"tags\": [\"Users\"]}}, \"/youtube\": {\"get\": {\"responses\": {\"200\": {\"description\": \"Successful response\"}}, \"summary\": \"YouTube related endpoints (placeholder)\", \"tags\": [\"YouTube\"]}}, \"/youtube/transcribe\": {\"post\": {\"requestBody\": {\"content\": {\"application/json\": {\"schema\": {\"properties\": {\"recipientEmail\": [Object], \"videoUrl\": [Object]}, \"type\": \"object\"}}}, \"required\": true}, \"responses\": {\"202\": {\"description\": \"Transcription job queued\"}, \"400\": {\"description\": \"Validation error\"}, \"500\": {\"description\": \"Server error\"}}, \"summary\": \"Request a YouTube video transcription\", \"tags\": [\"YouTube\"]}}}, \"servers\": [{\"url\": \"http://localhost:3000\"}], \"tags\": []}, \"requestId\": \"req_1767699448522_znrlrbdi7\", \"status\": 200, \"timestamp\": \"2026-01-06T11:37:28.523Z\"}","pass":false}}],"failureMessages":["Error: expect(received).toHaveProperty(path)\n\nExpected path: \"openapi\"\nReceived path: []\n\nReceived value: {\"data\": {\"components\": {}, \"info\": {\"description\": \"Auto‑generated API documentation for AIGestion backend\", \"title\": \"AIGestion API\", \"version\": \"1.0.0\"}, \"openapi\": \"3.0.0\", \"paths\": {\"/ai\": {\"get\": {\"responses\": {\"200\": {\"description\": \"Successful response\"}}, \"summary\": \"AI related endpoints (placeholder)\", \"tags\": [\"AI\"]}}, \"/ai/prompt\": {\"post\": {\"requestBody\": {\"content\": {\"application/json\": {\"schema\": {\"properties\": {\"prompt\": [Object]}, \"type\": \"object\"}}}, \"required\": true}, \"responses\": {\"200\": {\"description\": \"Prompt response\"}}, \"summary\": \"Run AI prompt\", \"tags\": [\"AI\"]}}, \"/exit-templates\": {\"get\": {\"responses\": {\"200\": {\"description\": \"Successful response\"}}, \"summary\": \"Exit email templates endpoints (placeholder)\", \"tags\": [\"ExitEmail\"]}}, \"/mcp/health\": {\"get\": {\"responses\": {\"200\": {\"description\": \"MCP server is reachable\"}, \"502\": {\"description\": \"Unable to reach MCP server\"}}, \"summary\": \"Check MCP server health\", \"tags\": [\"MCP\"]}}, \"/stripe\": {\"get\": {\"responses\": {\"200\": {\"description\": \"Successful response\"}}, \"summary\": \"Stripe related endpoints (placeholder)\", \"tags\": [\"Stripe\"]}}, \"/stripe/checkout\": {\"post\": {\"requestBody\": {\"content\": {\"application/json\": {\"schema\": {\"properties\": {\"cancelUrl\": [Object], \"priceId\": [Object], \"successUrl\": [Object], \"userId\": [Object]}, \"type\": \"object\"}}}, \"required\": true}, \"responses\": {\"200\": {\"content\": {\"application/json\": {\"schema\": {\"properties\": [Object], \"type\": \"object\"}}}, \"description\": \"Checkout session created\"}, \"400\": {\"description\": \"Validation error\"}, \"500\": {\"description\": \"Server error\"}}, \"summary\": \"Create a Stripe Checkout Session\", \"tags\": [\"Stripe\"]}}, \"/stripe/webhook\": {\"post\": {\"requestBody\": {\"content\": {\"application/json\": {\"schema\": {\"type\": \"object\"}}}, \"required\": true}, \"responses\": {\"200\": {\"description\": \"Webhook processed\"}, \"400\": {\"description\": \"Bad request\"}}, \"summary\": \"Stripe webhook endpoint\", \"tags\": [\"Stripe\"]}}, \"/system/credentials/verify\": {\"post\": {\"responses\": {\"200\": {\"description\": \"Verification report\"}, \"500\": {\"description\": \"Internal server error\"}}, \"summary\": \"Verify all configured credentials and API keys\", \"tags\": [\"System\"]}}, \"/system/history/{metric}\": {\"get\": {\"parameters\": [{\"description\": \"The name of the metric (e.g., cpu, memory)\", \"in\": \"path\", \"name\": \"metric\", \"required\": true, \"schema\": {\"type\": \"string\"}}], \"responses\": {\"200\": {\"description\": \"List of metric snapshots\"}, \"500\": {\"description\": \"Internal server error\"}}, \"summary\": \"Retrieve history for a specific metric\", \"tags\": [\"System\"]}}, \"/users\": {\"get\": {\"responses\": {\"200\": {\"description\": \"List of users\"}}, \"summary\": \"Retrieve all users\", \"tags\": [\"Users\"]}, \"post\": {\"requestBody\": {\"content\": {\"application/json\": {\"schema\": {\"type\": \"object\"}}}, \"required\": true}, \"responses\": {\"201\": {\"description\": \"User created\"}}, \"summary\": \"Create a new user\", \"tags\": [\"Users\"]}}, \"/users/{id}\": {\"delete\": {\"parameters\": [{\"in\": \"path\", \"name\": \"id\", \"required\": true, \"schema\": {\"type\": \"string\"}}], \"responses\": {\"204\": {\"description\": \"User deleted\"}, \"404\": {\"description\": \"User not found\"}}, \"summary\": \"Delete user by ID\", \"tags\": [\"Users\"]}, \"get\": {\"parameters\": [{\"in\": \"path\", \"name\": \"id\", \"required\": true, \"schema\": {\"type\": \"string\"}}], \"responses\": {\"200\": {\"description\": \"User data\"}, \"404\": {\"description\": \"User not found\"}}, \"summary\": \"Get user by ID\", \"tags\": [\"Users\"]}, \"put\": {\"parameters\": [{\"in\": \"path\", \"name\": \"id\", \"required\": true, \"schema\": {\"type\": \"string\"}}], \"requestBody\": {\"content\": {\"application/json\": {\"schema\": {\"$ref\": \"#/components/schemas/UserUpdate\"}}}, \"required\": true}, \"responses\": {\"200\": {\"description\": \"User updated\"}, \"404\": {\"description\": \"User not found\"}}, \"summary\": \"Update user by ID\", \"tags\": [\"Users\"]}}, \"/youtube\": {\"get\": {\"responses\": {\"200\": {\"description\": \"Successful response\"}}, \"summary\": \"YouTube related endpoints (placeholder)\", \"tags\": [\"YouTube\"]}}, \"/youtube/transcribe\": {\"post\": {\"requestBody\": {\"content\": {\"application/json\": {\"schema\": {\"properties\": {\"recipientEmail\": [Object], \"videoUrl\": [Object]}, \"type\": \"object\"}}}, \"required\": true}, \"responses\": {\"202\": {\"description\": \"Transcription job queued\"}, \"400\": {\"description\": \"Validation error\"}, \"500\": {\"description\": \"Server error\"}}, \"summary\": \"Request a YouTube video transcription\", \"tags\": [\"YouTube\"]}}}, \"servers\": [{\"url\": \"http://localhost:3000\"}], \"tags\": []}, \"requestId\": \"req_1767699448522_znrlrbdi7\", \"status\": 200, \"timestamp\": \"2026-01-06T11:37:28.523Z\"}\n    at Object.<anonymous> (C:\\Users\\Alejandro\\AIGestion\\backend\\src\\__tests__\\swagger.test.ts:15:27)\n    at processTicksAndRejections (node:internal/process/task_queues:103:5)"],"fullName":"Swagger UI and JSON should serve OpenAPI JSON at /api-docs.json","invocations":1,"location":null,"numPassingAsserts":1,"retryReasons":[],"status":"failed","title":"should serve OpenAPI JSON at /api-docs.json"}],"endTime":1767699448607,"message":"  ● Swagger UI and JSON › should serve OpenAPI JSON at /api-docs.json\n\n    expect(received).toHaveProperty(path)\n\n    Expected path: \"openapi\"\n    Received path: []\n\n    Received value: {\"data\": {\"components\": {}, \"info\": {\"description\": \"Auto‑generated API documentation for AIGestion backend\", \"title\": \"AIGestion API\", \"version\": \"1.0.0\"}, \"openapi\": \"3.0.0\", \"paths\": {\"/ai\": {\"get\": {\"responses\": {\"200\": {\"description\": \"Successful response\"}}, \"summary\": \"AI related endpoints (placeholder)\", \"tags\": [\"AI\"]}}, \"/ai/prompt\": {\"post\": {\"requestBody\": {\"content\": {\"application/json\": {\"schema\": {\"properties\": {\"prompt\": [Object]}, \"type\": \"object\"}}}, \"required\": true}, \"responses\": {\"200\": {\"description\": \"Prompt response\"}}, \"summary\": \"Run AI prompt\", \"tags\": [\"AI\"]}}, \"/exit-templates\": {\"get\": {\"responses\": {\"200\": {\"description\": \"Successful response\"}}, \"summary\": \"Exit email templates endpoints (placeholder)\", \"tags\": [\"ExitEmail\"]}}, \"/mcp/health\": {\"get\": {\"responses\": {\"200\": {\"description\": \"MCP server is reachable\"}, \"502\": {\"description\": \"Unable to reach MCP server\"}}, \"summary\": \"Check MCP server health\", \"tags\": [\"MCP\"]}}, \"/stripe\": {\"get\": {\"responses\": {\"200\": {\"description\": \"Successful response\"}}, \"summary\": \"Stripe related endpoints (placeholder)\", \"tags\": [\"Stripe\"]}}, \"/stripe/checkout\": {\"post\": {\"requestBody\": {\"content\": {\"application/json\": {\"schema\": {\"properties\": {\"cancelUrl\": [Object], \"priceId\": [Object], \"successUrl\": [Object], \"userId\": [Object]}, \"type\": \"object\"}}}, \"required\": true}, \"responses\": {\"200\": {\"content\": {\"application/json\": {\"schema\": {\"properties\": [Object], \"type\": \"object\"}}}, \"description\": \"Checkout session created\"}, \"400\": {\"description\": \"Validation error\"}, \"500\": {\"description\": \"Server error\"}}, \"summary\": \"Create a Stripe Checkout Session\", \"tags\": [\"Stripe\"]}}, \"/stripe/webhook\": {\"post\": {\"requestBody\": {\"content\": {\"application/json\": {\"schema\": {\"type\": \"object\"}}}, \"required\": true}, \"responses\": {\"200\": {\"description\": \"Webhook processed\"}, \"400\": {\"description\": \"Bad request\"}}, \"summary\": \"Stripe webhook endpoint\", \"tags\": [\"Stripe\"]}}, \"/system/credentials/verify\": {\"post\": {\"responses\": {\"200\": {\"description\": \"Verification report\"}, \"500\": {\"description\": \"Internal server error\"}}, \"summary\": \"Verify all configured credentials and API keys\", \"tags\": [\"System\"]}}, \"/system/history/{metric}\": {\"get\": {\"parameters\": [{\"description\": \"The name of the metric (e.g., cpu, memory)\", \"in\": \"path\", \"name\": \"metric\", \"required\": true, \"schema\": {\"type\": \"string\"}}], \"responses\": {\"200\": {\"description\": \"List of metric snapshots\"}, \"500\": {\"description\": \"Internal server error\"}}, \"summary\": \"Retrieve history for a specific metric\", \"tags\": [\"System\"]}}, \"/users\": {\"get\": {\"responses\": {\"200\": {\"description\": \"List of users\"}}, \"summary\": \"Retrieve all users\", \"tags\": [\"Users\"]}, \"post\": {\"requestBody\": {\"content\": {\"application/json\": {\"schema\": {\"type\": \"object\"}}}, \"required\": true}, \"responses\": {\"201\": {\"description\": \"User created\"}}, \"summary\": \"Create a new user\", \"tags\": [\"Users\"]}}, \"/users/{id}\": {\"delete\": {\"parameters\": [{\"in\": \"path\", \"name\": \"id\", \"required\": true, \"schema\": {\"type\": \"string\"}}], \"responses\": {\"204\": {\"description\": \"User deleted\"}, \"404\": {\"description\": \"User not found\"}}, \"summary\": \"Delete user by ID\", \"tags\": [\"Users\"]}, \"get\": {\"parameters\": [{\"in\": \"path\", \"name\": \"id\", \"required\": true, \"schema\": {\"type\": \"string\"}}], \"responses\": {\"200\": {\"description\": \"User data\"}, \"404\": {\"description\": \"User not found\"}}, \"summary\": \"Get user by ID\", \"tags\": [\"Users\"]}, \"put\": {\"parameters\": [{\"in\": \"path\", \"name\": \"id\", \"required\": true, \"schema\": {\"type\": \"string\"}}], \"requestBody\": {\"content\": {\"application/json\": {\"schema\": {\"$ref\": \"#/components/schemas/UserUpdate\"}}}, \"required\": true}, \"responses\": {\"200\": {\"description\": \"User updated\"}, \"404\": {\"description\": \"User not found\"}}, \"summary\": \"Update user by ID\", \"tags\": [\"Users\"]}}, \"/youtube\": {\"get\": {\"responses\": {\"200\": {\"description\": \"Successful response\"}}, \"summary\": \"YouTube related endpoints (placeholder)\", \"tags\": [\"YouTube\"]}}, \"/youtube/transcribe\": {\"post\": {\"requestBody\": {\"content\": {\"application/json\": {\"schema\": {\"properties\": {\"recipientEmail\": [Object], \"videoUrl\": [Object]}, \"type\": \"object\"}}}, \"required\": true}, \"responses\": {\"202\": {\"description\": \"Transcription job queued\"}, \"400\": {\"description\": \"Validation error\"}, \"500\": {\"description\": \"Server error\"}}, \"summary\": \"Request a YouTube video transcription\", \"tags\": [\"YouTube\"]}}}, \"servers\": [{\"url\": \"http://localhost:3000\"}], \"tags\": []}, \"requestId\": \"req_1767699448522_znrlrbdi7\", \"status\": 200, \"timestamp\": \"2026-01-06T11:37:28.523Z\"}\n\n    \u001b[0m \u001b[90m 13 |\u001b[39m     \u001b[36mconst\u001b[39m response \u001b[33m=\u001b[39m \u001b[36mawait\u001b[39m request(app)\u001b[33m.\u001b[39m\u001b[36mget\u001b[39m(\u001b[32m'/api-docs.json'\u001b[39m)\u001b[33m;\u001b[39m\n     \u001b[90m 14 |\u001b[39m     expect(response\u001b[33m.\u001b[39mstatus)\u001b[33m.\u001b[39mtoBe(\u001b[35m200\u001b[39m)\u001b[33m;\u001b[39m\n    \u001b[31m\u001b[1m>\u001b[22m\u001b[39m\u001b[90m 15 |\u001b[39m     expect(response\u001b[33m.\u001b[39mbody)\u001b[33m.\u001b[39mtoHaveProperty(\u001b[32m'openapi'\u001b[39m)\u001b[33m;\u001b[39m\n     \u001b[90m    |\u001b[39m                           \u001b[31m\u001b[1m^\u001b[22m\u001b[39m\n     \u001b[90m 16 |\u001b[39m     expect(response\u001b[33m.\u001b[39mbody)\u001b[33m.\u001b[39mtoHaveProperty(\u001b[32m'info'\u001b[39m)\u001b[33m;\u001b[39m\n     \u001b[90m 17 |\u001b[39m     expect(response\u001b[33m.\u001b[39mbody)\u001b[33m.\u001b[39mtoHaveProperty(\u001b[32m'paths'\u001b[39m)\u001b[33m;\u001b[39m\n     \u001b[90m 18 |\u001b[39m   })\u001b[33m;\u001b[39m\u001b[0m\n\n      at Object.<anonymous> (src/__tests__/swagger.test.ts:15:27)\n","name":"C:\\Users\\Alejandro\\AIGestion\\backend\\src\\__tests__\\swagger.test.ts","startTime":1767699444070,"status":"failed","summary":""},{"assertionResults":[{"ancestorTitles":["Swagger routes presence"],"duration":117,"failureDetails":[{}],"failureMessages":["Error: expect(received).toHaveProperty(path)\n\nMatcher error: received value must not be null nor undefined\n\nReceived has value: undefined\n    at Object.<anonymous> (C:\\Users\\Alejandro\\AIGestion\\backend\\src\\__tests__\\swagger.routes.test.ts:10:19)\n    at processTicksAndRejections (node:internal/process/task_queues:103:5)"],"fullName":"Swagger routes presence should include custom routes in OpenAPI JSON","invocations":1,"location":null,"numPassingAsserts":1,"retryReasons":[],"status":"failed","title":"should include custom routes in OpenAPI JSON"}],"endTime":1767699452422,"message":"  ● Swagger routes presence › should include custom routes in OpenAPI JSON\n\n    expect(received).toHaveProperty(path)\n\n    Matcher error: received value must not be null nor undefined\n\n    Received has value: undefined\n\n    \u001b[0m \u001b[90m  8 |\u001b[39m     expect(response\u001b[33m.\u001b[39mstatus)\u001b[33m.\u001b[39mtoBe(\u001b[35m200\u001b[39m)\u001b[33m;\u001b[39m\n     \u001b[90m  9 |\u001b[39m     \u001b[36mconst\u001b[39m paths \u001b[33m=\u001b[39m response\u001b[33m.\u001b[39mbody\u001b[33m.\u001b[39mpaths\u001b[33m;\u001b[39m\n    \u001b[31m\u001b[1m>\u001b[22m\u001b[39m\u001b[90m 10 |\u001b[39m     expect(paths)\u001b[33m.\u001b[39mtoHaveProperty(\u001b[32m'/stripe'\u001b[39m)\u001b[33m;\u001b[39m\n     \u001b[90m    |\u001b[39m                   \u001b[31m\u001b[1m^\u001b[22m\u001b[39m\n     \u001b[90m 11 |\u001b[39m     expect(paths)\u001b[33m.\u001b[39mtoHaveProperty(\u001b[32m'/youtube'\u001b[39m)\u001b[33m;\u001b[39m\n     \u001b[90m 12 |\u001b[39m     expect(paths)\u001b[33m.\u001b[39mtoHaveProperty(\u001b[32m'/users'\u001b[39m)\u001b[33m;\u001b[39m\n     \u001b[90m 13 |\u001b[39m     expect(paths)\u001b[33m.\u001b[39mtoHaveProperty(\u001b[32m'/ai'\u001b[39m)\u001b[33m;\u001b[39m\u001b[0m\n\n      at Object.<anonymous> (src/__tests__/swagger.routes.test.ts:10:19)\n","name":"C:\\Users\\Alejandro\\AIGestion\\backend\\src\\__tests__\\swagger.routes.test.ts","startTime":1767699448948,"status":"failed","summary":""},{"assertionResults":[{"ancestorTitles":["MCP health route"],"duration":75,"failureDetails":[{"matcherResult":{"message":"expect(received).toHaveProperty(path, value)\n\nExpected path: \"status\"\n\nExpected value: \"ok\"\nReceived value: 200","pass":false}}],"failureMessages":["Error: expect(received).toHaveProperty(path, value)\n\nExpected path: \"status\"\n\nExpected value: \"ok\"\nReceived value: 200\n    at Object.<anonymous> (C:\\Users\\Alejandro\\AIGestion\\backend\\src\\__tests__\\mcp.test.ts:20:27)\n    at processTicksAndRejections (node:internal/process/task_queues:103:5)"],"fullName":"MCP health route should return ok when MCP server responds","invocations":1,"location":null,"numPassingAsserts":1,"retryReasons":[],"status":"failed","title":"should return ok when MCP server responds"},{"ancestorTitles":["MCP health route"],"duration":65,"failureDetails":[{"matcherResult":{"message":"expect(received).toHaveProperty(path, value)\n\nExpected path: \"error\"\nReceived path: []\n\nExpected value: \"Failed to reach MCP server\"\nReceived value: {\"data\": {\"details\": \"Network error\", \"error\": \"Failed to reach MCP server\"}, \"requestId\": \"req_1767699455895_rpqsbcqyf\", \"status\": 502, \"timestamp\": \"2026-01-06T11:37:35.898Z\"}","pass":false}}],"failureMessages":["Error: expect(received).toHaveProperty(path, value)\n\nExpected path: \"error\"\nReceived path: []\n\nExpected value: \"Failed to reach MCP server\"\nReceived value: {\"data\": {\"details\": \"Network error\", \"error\": \"Failed to reach MCP server\"}, \"requestId\": \"req_1767699455895_rpqsbcqyf\", \"status\": 502, \"timestamp\": \"2026-01-06T11:37:35.898Z\"}\n    at Object.<anonymous> (C:\\Users\\Alejandro\\AIGestion\\backend\\src\\__tests__\\mcp.test.ts:29:27)\n    at processTicksAndRejections (node:internal/process/task_queues:103:5)"],"fullName":"MCP health route should return 502 when MCP server is unreachable","invocations":1,"location":null,"numPassingAsserts":1,"retryReasons":[],"status":"failed","title":"should return 502 when MCP server is unreachable"}],"endTime":1767699455956,"message":"  ● MCP health route › should return ok when MCP server responds\n\n    expect(received).toHaveProperty(path, value)\n\n    Expected path: \"status\"\n\n    Expected value: \"ok\"\n    Received value: 200\n\n    \u001b[0m \u001b[90m 18 |\u001b[39m     \u001b[36mconst\u001b[39m response \u001b[33m=\u001b[39m \u001b[36mawait\u001b[39m request(app)\u001b[33m.\u001b[39m\u001b[36mget\u001b[39m(\u001b[32m'/mcp/health'\u001b[39m)\u001b[33m;\u001b[39m\n     \u001b[90m 19 |\u001b[39m     expect(response\u001b[33m.\u001b[39mstatus)\u001b[33m.\u001b[39mtoBe(\u001b[35m200\u001b[39m)\u001b[33m;\u001b[39m\n    \u001b[31m\u001b[1m>\u001b[22m\u001b[39m\u001b[90m 20 |\u001b[39m     expect(response\u001b[33m.\u001b[39mbody)\u001b[33m.\u001b[39mtoHaveProperty(\u001b[32m'status'\u001b[39m\u001b[33m,\u001b[39m \u001b[32m'ok'\u001b[39m)\u001b[33m;\u001b[39m\n     \u001b[90m    |\u001b[39m                           \u001b[31m\u001b[1m^\u001b[22m\u001b[39m\n     \u001b[90m 21 |\u001b[39m     expect(response\u001b[33m.\u001b[39mbody)\u001b[33m.\u001b[39mtoHaveProperty(\u001b[32m'mcp'\u001b[39m)\u001b[33m;\u001b[39m\n     \u001b[90m 22 |\u001b[39m     expect(response\u001b[33m.\u001b[39mbody\u001b[33m.\u001b[39mmcp)\u001b[33m.\u001b[39mtoHaveProperty(\u001b[32m'status'\u001b[39m\u001b[33m,\u001b[39m \u001b[32m'ok'\u001b[39m)\u001b[33m;\u001b[39m\n     \u001b[90m 23 |\u001b[39m   })\u001b[33m;\u001b[39m\u001b[0m\n\n      at Object.<anonymous> (src/__tests__/mcp.test.ts:20:27)\n\n  ● MCP health route › should return 502 when MCP server is unreachable\n\n    expect(received).toHaveProperty(path, value)\n\n    Expected path: \"error\"\n    Received path: []\n\n    Expected value: \"Failed to reach MCP server\"\n    Received value: {\"data\": {\"details\": \"Network error\", \"error\": \"Failed to reach MCP server\"}, \"requestId\": \"req_1767699455895_rpqsbcqyf\", \"status\": 502, \"timestamp\": \"2026-01-06T11:37:35.898Z\"}\n\n    \u001b[0m \u001b[90m 27 |\u001b[39m     \u001b[36mconst\u001b[39m response \u001b[33m=\u001b[39m \u001b[36mawait\u001b[39m request(app)\u001b[33m.\u001b[39m\u001b[36mget\u001b[39m(\u001b[32m'/mcp/health'\u001b[39m)\u001b[33m;\u001b[39m\n     \u001b[90m 28 |\u001b[39m     expect(response\u001b[33m.\u001b[39mstatus)\u001b[33m.\u001b[39mtoBe(\u001b[35m502\u001b[39m)\u001b[33m;\u001b[39m\n    \u001b[31m\u001b[1m>\u001b[22m\u001b[39m\u001b[90m 29 |\u001b[39m     expect(response\u001b[33m.\u001b[39mbody)\u001b[33m.\u001b[39mtoHaveProperty(\u001b[32m'error'\u001b[39m\u001b[33m,\u001b[39m \u001b[32m'Failed to reach MCP server'\u001b[39m)\u001b[33m;\u001b[39m\n     \u001b[90m    |\u001b[39m                           \u001b[31m\u001b[1m^\u001b[22m\u001b[39m\n     \u001b[90m 30 |\u001b[39m   })\u001b[33m;\u001b[39m\n     \u001b[90m 31 |\u001b[39m })\u001b[33m;\u001b[39m\n     \u001b[90m 32 |\u001b[39m\u001b[0m\n\n      at Object.<anonymous> (src/__tests__/mcp.test.ts:29:27)\n","name":"C:\\Users\\Alejandro\\AIGestion\\backend\\src\\__tests__\\mcp.test.ts","startTime":1767699452587,"status":"failed","summary":""},{"assertionResults":[{"ancestorTitles":["Exit Email API"],"duration":83,"failureDetails":[],"failureMessages":[],"fullName":"Exit Email API GET /api/exit-templates returns list of templates","invocations":1,"location":null,"numPassingAsserts":5,"retryReasons":[],"status":"passed","title":"GET /api/exit-templates returns list of templates"},{"ancestorTitles":["Exit Email API"],"duration":60,"failureDetails":[],"failureMessages":[],"fullName":"Exit Email API GET /api/exit-templates/:name returns template content","invocations":1,"location":null,"numPassingAsserts":4,"retryReasons":[],"status":"passed","title":"GET /api/exit-templates/:name returns template content"},{"ancestorTitles":["Exit Email API"],"duration":89,"failureDetails":[],"failureMessages":[],"fullName":"Exit Email API GET unknown template returns 404","invocations":1,"location":null,"numPassingAsserts":1,"retryReasons":[],"status":"passed","title":"GET unknown template returns 404"}],"endTime":1767699460621,"message":"","name":"C:\\Users\\Alejandro\\AIGestion\\backend\\src\\__tests__\\integration\\exitEmail.api.test.ts","startTime":1767699456244,"status":"passed","summary":""},{"assertionResults":[{"ancestorTitles":["AlertingService","checkSystemHealth"],"duration":29,"failureDetails":[],"failureMessages":[],"fullName":"AlertingService checkSystemHealth should trigger alert if CPU is high","invocations":1,"location":null,"numPassingAsserts":1,"retryReasons":[],"status":"passed","title":"should trigger alert if CPU is high"},{"ancestorTitles":["AlertingService","checkSystemHealth"],"duration":31,"failureDetails":[],"failureMessages":[],"fullName":"AlertingService checkSystemHealth should not trigger alert if metrics are normal","invocations":1,"location":null,"numPassingAsserts":1,"retryReasons":[],"status":"passed","title":"should not trigger alert if metrics are normal"},{"ancestorTitles":["AlertingService","checkDockerHealth"],"duration":12,"failureDetails":[],"failureMessages":[],"fullName":"AlertingService checkDockerHealth should trigger alert if 0 containers","invocations":1,"location":null,"numPassingAsserts":1,"retryReasons":[],"status":"passed","title":"should trigger alert if 0 containers"},{"ancestorTitles":["AlertingService","checkDockerHealth"],"duration":17,"failureDetails":[],"failureMessages":[],"fullName":"AlertingService checkDockerHealth should not trigger alert if containers exist","invocations":1,"location":null,"numPassingAsserts":1,"retryReasons":[],"status":"passed","title":"should not trigger alert if containers exist"}],"endTime":1767699461541,"message":"","name":"C:\\Users\\Alejandro\\AIGestion\\backend\\src\\__tests__\\services\\alerting.test.ts","startTime":1767699460860,"status":"passed","summary":""},{"assertionResults":[{"ancestorTitles":["StripeService","createCustomer"],"duration":23,"failureDetails":[],"failureMessages":[],"fullName":"StripeService createCustomer should create a customer successfully","invocations":1,"location":null,"numPassingAsserts":2,"retryReasons":[],"status":"passed","title":"should create a customer successfully"},{"ancestorTitles":["StripeService","createCustomer"],"duration":57,"failureDetails":[],"failureMessages":[],"fullName":"StripeService createCustomer should throw error on failure","invocations":1,"location":null,"numPassingAsserts":1,"retryReasons":[],"status":"passed","title":"should throw error on failure"},{"ancestorTitles":["StripeService","createSubscriptionCheckoutSession"],"duration":21,"failureDetails":[],"failureMessages":[],"fullName":"StripeService createSubscriptionCheckoutSession should create a session","invocations":1,"location":null,"numPassingAsserts":2,"retryReasons":[],"status":"passed","title":"should create a session"}],"endTime":1767699462200,"message":"","name":"C:\\Users\\Alejandro\\AIGestion\\backend\\src\\__tests__\\services\\stripe.service.test.ts","startTime":1767699461585,"status":"passed","summary":""},{"assertionResults":[{"ancestorTitles":["BackupService","restoreDirectory"],"duration":12,"failureDetails":[],"failureMessages":[],"fullName":"BackupService restoreDirectory should restore directory successfully","invocations":1,"location":null,"numPassingAsserts":7,"retryReasons":[],"status":"passed","title":"should restore directory successfully"},{"ancestorTitles":["BackupService","restoreDirectory"],"duration":20,"failureDetails":[],"failureMessages":[],"fullName":"BackupService restoreDirectory should throw error if remote folder not found","invocations":1,"location":null,"numPassingAsserts":1,"retryReasons":[],"status":"passed","title":"should throw error if remote folder not found"},{"ancestorTitles":["BackupService","restoreDirectory"],"duration":16,"failur
[...]
":{"line":415,"column":2},"end":{"line":415,"column":26}},"126":{"start":{"line":416,"column":3},"end":{"line":416,"column":49}},"127":{"start":{"line":417,"column":2},"end":{"line":417,"column":9}},"128":{"start":{"line":201,"column":13},"end":{"line":201,"column":27}}},"fnMap":{"0":{"name":"(anonymous_1)","decl":{"start":{"line":75,"column":26},"end":{"line":75,"column":27}},"loc":{"start":{"line":75,"column":57},"end":{"line":84,"column":1}}},"1":{"name":"(anonymous_2)","decl":{"start":{"line":86,"column":32},"end":{"line":86,"column":37}},"loc":{"start":{"line":86,"column":43},"end":{"line":122,"column":1}}},"2":{"name":"(anonymous_3)","decl":{"start":{"line":100,"column":31},"end":{"line":100,"column":32}},"loc":{"start":{"line":100,"column":40},"end":{"line":105,"column":5}}},"3":{"name":"(anonymous_4)","decl":{"start":{"line":124,"column":28},"end":{"line":124,"column":33}},"loc":{"start":{"line":124,"column":39},"end":{"line":170,"column":1}}},"4":{"name":"(anonymous_5)","decl":{"start":{"line":126,"column":74},"end":{"line":126,"column":75}},"loc":{"start":{"line":126,"column":86},"end":{"line":133,"column":3}}},"5":{"name":"(anonymous_6)","decl":{"start":{"line":127,"column":15},"end":{"line":127,"column":18}},"loc":{"start":{"line":127,"column":20},"end":{"line":132,"column":5}}},"6":{"name":"(anonymous_7)","decl":{"start":{"line":135,"column":30},"end":{"line":135,"column":35}},"loc":{"start":{"line":135,"column":41},"end":{"line":167,"column":3}}},"7":{"name":"(anonymous_8)","decl":{"start":{"line":172,"column":25},"end":{"line":172,"column":30}},"loc":{"start":{"line":172,"column":43},"end":{"line":190,"column":1}}},"8":{"name":"(anonymous_9)","decl":{"start":{"line":192,"column":20},"end":{"line":192,"column":21}},"loc":{"start":{"line":192,"column":60},"end":{"line":199,"column":1}}},"9":{"name":"(anonymous_10)","decl":{"start":{"line":201,"column":27},"end":{"line":201,"column":32}},"loc":{"start":{"line":201,"column":81},"end":{"line":418,"column":1}}}},"branchMap":{"0":{"loc":{"start":{"line":83,"column":9},"end":{"line":83,"column":63}},"type":"binary-expr","locations":[{"start":{"line":83,"column":9},"end":{"line":83,"column":50}},{"start":{"line":83,"column":54},"end":{"line":83,"column":63}}]},"1":{"loc":{"start":{"line":88,"column":2},"end":{"line":93,"column":3}},"type":"if","locations":[{"start":{"line":88,"column":2},"end":{"line":93,"column":3}}]},"2":{"loc":{"start":{"line":102,"column":6},"end":{"line":104,"column":7}},"type":"if","locations":[{"start":{"line":102,"column":6},"end":{"line":104,"column":7}}]},"3":{"loc":{"start":{"line":102,"column":10},"end":{"line":102,"column":46}},"type":"binary-expr","locations":[{"start":{"line":102,"column":10},"end":{"line":102,"column":13}},{"start":{"line":102,"column":17},"end":{"line":102,"column":22}},{"start":{"line":102,"column":26},"end":{"line":102,"column":46}}]},"4":{"loc":{"start":{"line":111,"column":33},"end":{"line":111,"column":67}},"type":"binary-expr","locations":[{"start":{"line":111,"column":33},"end":{"line":111,"column":60}},{"start":{"line":111,"column":64},"end":{"line":111,"column":67}}]},"5":{"loc":{"start":{"line":112,"column":31},"end":{"line":112,"column":63}},"type":"binary-expr","locations":[{"start":{"line":112,"column":31},"end":{"line":112,"column":56}},{"start":{"line":112,"column":60},"end":{"line":112,"column":63}}]},"6":{"loc":{"start":{"line":119,"column":15},"end":{"line":119,"column":80}},"type":"cond-expr","locations":[{"start":{"line":119,"column":40},"end":{"line":119,"column":53}},{"start":{"line":119,"column":56},"end":{"line":119,"column":80}}]},"7":{"loc":{"start":{"line":138,"column":6},"end":{"line":143,"column":7}},"type":"if","locations":[{"start":{"line":138,"column":6},"end":{"line":143,"column":7}}]},"8":{"loc":{"start":{"line":146,"column":32},"end":{"line":146,"column":74}},"type":"binary-expr","locations":[{"start":{"line":146,"column":32},"end":{"line":146,"column":68}},{"start":{"line":146,"column":72},"end":{"line":146,"column":74}}]},"9":{"loc":{"start":{"line":155,"column":17},"end":{"line":155,"column":54}},"type":"binary-expr","locations":[{"start":{"line":155,"column":17},"end":{"line":155,"column":41}},{"start":{"line":155,"column":45},"end":{"line":155,"column":54}}]},"10":{"loc":{"start":{"line":164,"column":17},"end":{"line":164,"column":85}},"type":"cond-expr","locations":[{"start":{"line":164,"column":42},"end":{"line":164,"column":55}},{"start":{"line":164,"column":58},"end":{"line":164,"column":85}}]},"11":{"loc":{"start":{"line":181,"column":15},"end":{"line":181,"column":35}},"type":"binary-expr","locations":[{"start":{"line":181,"column":15},"end":{"line":181,"column":30}},{"start":{"line":181,"column":34},"end":{"line":181,"column":35}}]},"12":{"loc":{"start":{"line":182,"column":15},"end":{"line":182,"column":35}},"type":"binary-expr","locations":[{"start":{"line":182,"column":15},"end":{"line":182,"column":30}},{"start":{"line":182,"column":34},"end":{"line":182,"column":35}}]},"13":{"loc":{"start":{"line":183,"column":28},"end":{"line":183,"column":49}},"type":"binary-expr","locations":[{"start":{"line":183,"column":28},"end":{"line":183,"column":44}},{"start":{"line":183,"column":48},"end":{"line":183,"column":49}}]},"14":{"loc":{"start":{"line":184,"column":31},"end":{"line":184,"column":55}},"type":"binary-expr","locations":[{"start":{"line":184,"column":31},"end":{"line":184,"column":50}},{"start":{"line":184,"column":54},"end":{"line":184,"column":55}}]},"15":{"loc":{"start":{"line":192,"column":36},"end":{"line":192,"column":48}},"type":"default-arg","locations":[{"start":{"line":192,"column":47},"end":{"line":192,"column":48}}]},"16":{"loc":{"start":{"line":193,"column":2},"end":{"line":193,"column":38}},"type":"if","locations":[{"start":{"line":193,"column":2},"end":{"line":193,"column":38}}]},"17":{"loc":{"start":{"line":195,"column":13},"end":{"line":195,"column":40}},"type":"cond-expr","locations":[{"start":{"line":195,"column":28},"end":{"line":195,"column":29}},{"start":{"line":195,"column":32},"end":{"line":195,"column":40}}]},"18":{"loc":{"start":{"line":209,"column":17},"end":{"line":209,"column":54}},"type":"binary-expr","locations":[{"start":{"line":209,"column":17},"end":{"line":209,"column":37}},{"start":{"line":209,"column":41},"end":{"line":209,"column":54}}]},"19":{"loc":{"start":{"line":229,"column":28},"end":{"line":229,"column":71}},"type":"binary-expr","locations":[{"start":{"line":229,"column":28},"end":{"line":229,"column":58}},{"start":{"line":229,"column":62},"end":{"line":229,"column":71}}]},"20":{"loc":{"start":{"line":246,"column":4},"end":{"line":290,"column":5}},"type":"if","locations":[{"start":{"line":246,"column":4},"end":{"line":290,"column":5}}]},"21":{"loc":{"start":{"line":252,"column":16},"end":{"line":252,"column":58}},"type":"cond-expr","locations":[{"start":{"line":252,"column":30},"end":{"line":252,"column":41}},{"start":{"line":252,"column":44},"end":{"line":252,"column":58}}]},"22":{"loc":{"start":{"line":255,"column":14},"end":{"line":255,"column":42}},"type":"binary-expr","locations":[{"start":{"line":255,"column":14},"end":{"line":255,"column":29}},{"start":{"line":255,"column":33},"end":{"line":255,"column":42}}]},"23":{"loc":{"start":{"line":256,"column":14},"end":{"line":256,"column":42}},"type":"binary-expr","locations":[{"start":{"line":256,"column":14},"end":{"line":256,"column":29}},{"start":{"line":256,"column":33},"end":{"line":256,"column":42}}]},"24":{"loc":{"start":{"line":257,"column":18},"end":{"line":257,"column":58}},"type":"binary-expr","locations":[{"start":{"line":257,"column":18},"end":{"line":257,"column":45}},{"start":{"line":257,"column":49},"end":{"line":257,"column":58}}]},"25":{"loc":{"start":{"line":258,"column":21},"end":{"line":258,"column":61}},"type":"cond-expr","locations":[{"start":{"line":258,"column":26},"end":{"line":258,"column":57}},{"start":{"line":258,"column":60},"end":{"line":258,"column":61}}]},"26":{"loc":{"start":{"line":263,"column":6},"end":{"line":289,"column":7}},"type":"if","locations":[{"start":{"line":263,"column":6},"end":{"line":289,"column":7}},{"start":{"line":283,"column":13},"end":{"line":289,"column":7}}]},"27":{"loc":{"start":{"line":263,"column":10},"end":{"line":263,"column":27}},"type":"binary-expr","locations":[{"start":{"line":263,"column":10},"end":{"line":263,"column":21}},{"start":{"line":263,"column":25},"end":{"line":263,"column":27}}]},"28":{"loc":{"start":{"line":271,"column":12},"end":{"line":273,"column":13}},"type":"if","locations":[{"start":{"line":271,"column":12},"end":{"line":273,"column":13}}]},"29":{"loc":{"start":{"line":297,"column":6},"end":{"line":299,"column":7}},"type":"if","locations":[{"start":{"line":297,"column":6},"end":{"line":299,"column":7}}]},"30":{"loc":{"start":{"line":297,"column":10},"end":{"line":297,"column":71}},"type":"binary-expr","locations":[{"start":{"line":297,"column":10},"end":{"line":297,"column":40}},{"start":{"line":297,"column":44},"end":{"line":297,"column":71}}]},"31":{"loc":{"start":{"line":304,"column":17},"end":{"line":304,"column":78}},"type":"cond-expr","locations":[{"start":{"line":304,"column":42},"end":{"line":304,"column":55}},{"start":{"line":304,"column":58},"end":{"line":304,"column":78}}]},"32":{"loc":{"start":{"line":306,"column":6},"end":{"line":308,"column":7}},"type":"if","locations":[{"start":{"line":306,"column":6},"end":{"line":308,"column":7}}]},"33":{"loc":{"start":{"line":316,"column":6},"end":{"line":318,"column":7}},"type":"if","locations":[{"start":{"line":316,"column":6},"end":{"line":318,"column":7}}]},"34":{"loc":{"start":{"line":316,"column":10},"end":{"line":316,"column":74}},"type":"binary-expr","locations":[{"start":{"line":316,"column":10},"end":{"line":316,"column":43}},{"start":{"line":316,"column":47},"end":{"line":316,"column":74}}]},"35":{"loc":{"start":{"line":323,"column":17},"end":{"line":323,"column":81}},"type":"cond-expr","locations":[{"start":{"line":323,"column":42},"end":{"line":323,"column":55}},{"start":{"line":323,"column":58},"end":{"line":323,"column":81}}]},"36":{"loc":{"start":{"line":325,"column":6},"end":{"line":327,"column":7}},"type":"if","locations":[{"start":{"line":325,"column":6},"end":{"line":327,"column":7}}]},"37":{"loc":{"start":{"line":356,"column":28},"end":{"line":356,"column":45}},"type":"binary-expr","locations":[{"start":{"line":356,"column":28},"end":{"line":356,"column":40}},{"start":{"line":356,"column":44},"end":{"line":356,"column":45}}]},"38":{"loc":{"start":{"line":357,"column":32},"end":{"line":357,"column":53}},"type":"binary-expr","locations":[{"start":{"line":357,"column":32},"end":{"line":357,"column":48}},{"start":{"line":357,"column":52},"end":{"line":357,"column":53}}]},"39":{"loc":{"start":{"line":362,"column":24},"end":{"line":367,"column":6}},"type":"binary-expr","locations":[{"start":{"line":362,"column":24},"end":{"line":362,"column":41}},{"start":{"line":362,"column":45},"end":{"line":367,"column":6}}]},"40":{"loc":{"start":{"line":366,"column":15},"end":{"line":366,"column":91}},"type":"cond-expr","locations":[{"start":{"line":366,"column":40},"end":{"line":366,"column":53}},{"start":{"line":366,"column":56},"end":{"line":366,"column":91}}]},"41":{"loc":{"start":{"line":396,"column":2},"end":{"line":402,"column":3}},"type":"if","locations":[{"start":{"line":396,"column":2},"end":{"line":402,"column":3}},{"start":{"line":398,"column":9},"end":{"line":402,"column":3}}]},"42":{"loc":{"start":{"line":398,"column":9},"end":{"line":402,"column":3}},"type":"if","locations":[{"start":{"line":398,"column":9},"end":{"line":402,"column":3}},{"start":{"line":400,"column":9},"end":{"line":402,"column":3}}]},"43":{"loc":{"start":{"line":406,"column":2},"end":{"line":410,"column":3}},"type":"if","locations":[{"start":{"line":406,"column":2},"end":{"line":410,"column":3}},{"start":{"line":408,"column":9},"end":{"line":410,"column":3}}]},"44":{"loc":{"start":{"line":408,"column":9},"end":{"line":410,"column":3}},"type":"if","locations":[{"start":{"line":408,"column":9},"end":{"line":410,"column":3}}]}},"s":{"0":1,"1":1,"2":1,"3":1,"4":1,"5":1,"6":3,"7":3,"8":1,"9":3,"10":3,"11":3,"12":0,"13":0,"14":0,"15":0,"16":0,"17":0,"18":0,"19":0,"20":0,"21":0,"22":1,"23":1,"24":3,"25":3,"26":0,"27":3,"28":3,"29":3,"30":3,"31":3,"32":0,"33":0,"34":0,"35":0,"36":0,"37":0,"38":0,"39":0,"40":3,"41":1,"42":1,"43":1,"44":0,"45":1,"46":1,"47":1,"48":21,"49":0,"50":21,"51":21,"52":21,"53":21,"54":21,"55":1,"56":3,"57":3,"58":3,"59":3,"60":3,"61":3,"62":3,"63":3,"64":3,"65":3,"66":3,"67":2,"68":2,"69":1,"70":1,"71":1,"72":1,"73":0,"74":0,"75":1,"76":1,"77":1,"78":1,"79":1,"80":1,"81":1,"82":1,"83":3,"84":3,"85":3,"86":3,"87":0,"88":0,"89":0,"90":0,"91":0,"92":3,"93":3,"94":3,"95":3,"96":0,"97":0,"98":0,"99":0,"100":0,"101":3,"102":3,"103":3,"104":0,"105":3,"106":3,"107":3,"108":3,"109":0,"110":0,"111":0,"112":3,"113":3,"114":2,"115":1,"116":0,"117":1,"118":3,"119":3,"120":2,"121":1,"122":0,"123":3,"124":3,"125":3,"126":3,"127":3,"128":1},"f":{"0":3,"1":3,"2":0,"3":3,"4":3,"5":0,"6":3,"7":1,"8":21,"9":3},"b":{"0":[3,0],"1":[3],"2":[0],"3":[0,0,0],"4":[0,0],"5":[0,0],"6":[0,0],"7":[3],"8":[0,0],"9":[0,0],"10":[0,0],"11":[0,0],"12":[0,0],"13":[0,0],"14":[0,0],"15":[21],"16":[0],"17":[0,21],"18":[3,0],"19":[3,0],"20":[3],"21":[2,1],"22":[3,0],"23":[3,0],"24":[3,2],"25":[2,1],"26":[2,1],"27":[3,2],"28":[0],"29":[0],"30":[3,0],"31":[0,0],"32":[0],"33":[0],"34":[3,0],"35":[0,0],"36":[0],"37":[3,0],"38":[3,0],"39":[0,0],"40":[0,0],"41":[2,1],"42":[0,1],"43":[2,1],"44":[0]}},"C:\\Users\\Alejandro\\AIGestion\\backend\\src\\middleware\\rateLimiter.ts":{"path":"C:\\Users\\Alejandro\\AIGestion\\backend\\src\\middleware\\rateLimiter.ts","statementMap":{"0":{"start":{"line":1,"column":0},"end":{"line":1,"column":43}},"1":{"start":{"line":3,"column":0},"end":{"line":3,"column":42}},"2":{"start":{"line":5,"column":0},"end":{"line":5,"column":48}},"3":{"start":{"line":6,"column":0},"end":{"line":6,"column":41}},"4":{"start":{"line":7,"column":0},"end":{"line":7,"column":41}},"5":{"start":{"line":22,"column":26},"end":{"line":65,"column":1}},"6":{"start":{"line":29,"column":19},"end":{"line":29,"column":62}},"7":{"start":{"line":32,"column":2},"end":{"line":45,"column":3}},"8":{"start":{"line":33,"column":4},"end":{"line":44,"column":5}},"9":{"start":{"line":34,"column":26},"end":{"line":34,"column":42}},"10":{"start":{"line":35,"column":6},"end":{"line":41,"column":7}},"11":{"start":{"line":36,"column":8},"end":{"line":39,"column":11}},"12":{"start":{"line":37,"column":46},"end":{"line":37,"column":75}},"13":{"start":{"line":40,"column":8},"end":{"line":40,"column":54}},"14":{"start":{"line":43,"column":6},"end":{"line":43,"column":79}},"15":{"start":{"line":47,"column":2},"end":{"line":49,"column":3}},"16":{"start":{"line":48,"column":4},"end":{"line":48,"column":76}},"17":{"start":{"line":51,"column":2},"end":{"line":64,"column":5}},"18":{"start":{"line":61,"column":22},"end":{"line":61,"column":49}},"19":{"start":{"line":62,"column":6},"end":{"line":62,"column":55}},"20":{"start":{"line":71,"column":13},"end":{"line":75,"column":2}},"21":{"start":{"line":81,"column":13},"end":{"line":85,"column":2}},"22":{"start":{"line":91,"column":13},"end":{"line":95,"column":2}},"23":{"start":{"line":101,"column":13},"end":{"line":105,"column":2}},"24":{"start":{"line":111,"column":13},"end":{"line":115,"column":2}},"25":{"start":{"line":125,"column":42},"end":{"line":141,"column":2}},"26":{"start":{"line":143,"column":34},"end":{"line":165,"column":1}},"27":{"start":{"line":144,"column":18},"end":{"line":144,"column":45}},"28":{"start":{"line":145,"column":19},"end":{"line":145,"column":48}},"29":{"start":{"line":148,"column":2},"end":{"line":150,"column":3}},"30":{"start":{"line":149,"column":4},"end":{"line":149,"column":18}},"31":{"start":{"line":152,"column":18},"end":{"line":152,"column":62}},"32":{"start":{"line":155,"column":2},"end":{"line":164,"column":5}},"33":{"start":{"line":156,"column":4},"end":{"line":158,"column":5}},"34":{"start":{"line":157,"column":6},"end":{"line":157,"column":23}},"35":{"start":{"line":160,"column":4},"end":{"line":162,"column":5}},"36":{"start":{"line":161,"column":6},"end":{"line":161,"column":20}},"37":{"start":{"line":143,"column":13},"end":{"line":143,"column":34}},"38":{"start":{"line":171,"column":13},"end":{"line":175,"column":2}},"39":{"start":{"line":177,"column":0},"end":{"line":185,"column":2}}},"fnMap":{"0":{"name":"(anonymous_1)","decl":{"start":{"line":22,"column":26},"end":{"line":22,"column":null}},"loc":{"start":{"line":26,"column":4},"end":{"line":65,"column":1}}},"1":{"name":"(anonymous_2)","decl":{"start":{"line":37,"column":23},"end":{"line":37,"column":24}},"loc":{"start":{"line":37,"column":46},"end":{"line":37,"column":75}}},"2":{"name":"(anonymous_3)","decl":{"start":{"line":60,"column":18},"end":{"line":60,"column":19}},"loc":{"start":{"line":60,"column":31},"end":{"line":63,"column":5}}},"3":{"name":"(anonymous_4)","decl":{"start":{"line":143,"column":34},"end":{"line":143,"column":35}},"loc":{"start":{"line":143,"column":86},"end":{"line":165,"column":1}}},"4":{"name":"(anonymous_5)","decl":{"start":{"line":155,"column":27},"end":{"line":155,"column":28}},"loc":{"start":{"line":155,"column":41},"end":{"line":164,"column":3}}}},"branchMap":{"0":{"loc":{"start":{"line":25,"column":2},"end":{"line":25,"column":56}},"type":"default-arg","locations":[{"start":{"line":25,"column":12},"end":{"line":25,"column":56}}]},"1":{"loc":{"start":{"line":32,"column":2},"end":{"line":45,"column":3}},"type":"if","locations":[{"start":{"line":32,"column":2},"end":{"line":45,"column":3}}]},"2":{"loc":{"start":{"line":35,"column":6},"end":{"line":41,"column":7}},"type":"if","locations":[{"start":{"line":35,"column":6},"end":{"line":41,"column":7}}]},"3":{"loc":{"start":{"line":35,"column":10},"end":{"line":35,"column":43}},"type":"binary-expr","locations":[{"start":{"line":35,"column":10},"end":{"line":35,"column":21}},{"start":{"line":35,"column":25},"end":{"line":35,"column":43}}]},"4":{"loc":{"start":{"line":47,"column":2},"end":{"line":49,"column":3}},"type":"if","locations":[{"start":{"line":47,"column":2},"end":{"line":49,"column":3}}]},"5":{"loc":{"start":{"line":62,"column":13},"end":{"line":62,"column":54}},"type":"binary-expr","locations":[{"start":{"line":62,"column":13},"end":{"line":62,"column":29}},{"start":{"line":62,"column":33},"end":{"line":62,"column":41}},{"start":{"line":62,"column":45},"end":{"line":62,"column":54}}]},"6":{"loc":{"start":{"line":145,"column":19},"end":{"line":145,"column":48}},"type":"binary-expr","locations":[{"start":{"line":145,"column":19},"end":{"line":145,"column":37}},{"start":{"line":145,"column":41},"end":{"line":145,"column":48}}]},"7":{"loc":{"start":{"line":148,"column":2},"end":{"line":150,"column":3}},"type":"if","locations":[{"start":{"line":148,"column":2},"end":{"line":150,"column":3}}]},"8":{"loc":{"start":{"line":152,"column":18},"end":{"line":152,"column":62}},"type":"binary-expr","locations":[{"start":{"line":152,"column":18},"end":{"line":152,"column":40}},{"start":{"line":152,"column":44},"end":{"line":152,"column":62}}]},"9":{"loc":{"start":{"line":156,"column":4},"end":{"line":158,"column":5}},"type":"if","locations":[{"start":{"line":156,"column":4},"end":{"line":158,"column":5}}]},"10":{"loc":{"start":{"line":160,"column":4},"end":{"line":162,"column":5}},"type":"if","locations":[{"start":{"line":160,"column":4},"end":{"line":162,"column":5}}]}},"s":{"0":1,"1":1,"2":1,"3":1,"4":1,"5":1,"6":9,"7":9,"8":0,"9":0,"10":0,"11":0,"12":0,"13":0,"14":0,"15":9,"16":9,"17":9,"18":7,"19":7,"20":1,"21":1,"22":1,"23":1,"24":1,"25":1,"26":1,"27":5,"28":5,"29":5,"30":1,"31":4,"32":4,"33":4,"34":4,"35":0,"36":0,"37":1,"38":1,"39":1},"f":{"0":9,"1":0,"2":7,"3":5,"4":4},"b":{"0":[0],"1":[0],"2":[0],"3":[0,0],"4":[9],"5":[7,4,0],"6":[5,1],"7":[1],"8":[4,0],"9":[4],"10":[0]}}}}
